#
# A fatal error has been detected by the Java Runtime Environment:
#
#  SIGSEGV (0xb) at pc=0x00007de7b503945a, pid=9, tid=27
#
# JRE version: OpenJDK Runtime Environment Temurin-25.0.2+10 (25.0.2+10) (build 25.0.2+10-LTS)
# Java VM: OpenJDK 64-Bit Server VM Temurin-25.0.2+10 (25.0.2+10-LTS, mixed mode, sharing, tiered, compressed oops, compressed class ptrs, g1 gc, linux-amd64)
# Problematic frame:
# V  [libjvm.so+0xe1f45a]  NativePostCallNop::patch(int, int)+0x1a
#
# Core dump will be written. Default location: Core dumps may be processed with "/usr/share/apport/apport -p%p -s%s -c%c -d%d -P%P -u%u -g%g -F%F -- %E" (or dumping to /server/Server/core.9)
#
# If you would like to submit a bug report, please visit:
#   https://github.com/adoptium/adoptium-support/issues
#

---------------  S U M M A R Y ------------

Command Line: HytaleServer.jar --assets ../Assets.zip --backup --backup-dir backups --backup-frequency 30

Host: Intel(R) Core(TM) i7-6700 CPU @ 3.40GHz, 8 cores, 15G, Ubuntu 24.04.4 LTS
Time: Fri Apr  3 23:32:39 2026 UTC elapsed time: 4.101229 seconds (0d 0h 0m 4s)

---------------  T H R E A D  ---------------

Current thread (0x00007de7ac12f450):  JavaThread "C1 CompilerThread0" daemon [_thread_in_vm, id=27, stack(0x00007de791df2000,0x00007de791ef2000) (1024K)]


Current CompileTask:
C1:4101 3027       3       java.lang.invoke.MethodType::isConvertibleTo (164 bytes)

Stack: [0x00007de791df2000,0x00007de791ef2000],  sp=0x00007de791eefac8,  free space=1014k
Native frames: (J=compiled Java code, j=interpreted, Vv=VM code, C=native code)
V  [libjvm.so+0xe1f45a]  NativePostCallNop::patch(int, int)+0x1a
V  [libjvm.so+0xe297bb]  nmethod::nmethod(Method*, CompilerType, int, int, int, int, int, unsigned char*, CodeOffsets*, int, DebugInformationRecorder*, Dependencies*, CodeBuffer*, int, OopMapSet*, ExceptionHandlerTable*, ImplicitExceptionTable*, AbstractCompiler*, CompLevel, char*, int, JVMCINMethodData*)+0x43b
V  [libjvm.so+0xe29c8f]  nmethod::new_nmethod(methodHandle const&, int, int, CodeOffsets*, int, DebugInformationRecorder*, Dependencies*, CodeBuffer*, int, OopMapSet*, ExceptionHandlerTable*, ImplicitExceptionTable*, AbstractCompiler*, CompLevel, char*, int, JVMCINMethodData*)+0x1ff
V  [libjvm.so+0x68fe0a]  ciEnv::register_method(ciMethod*, int, CodeOffsets*, int, CodeBuffer*, int, OopMapSet*, ExceptionHandlerTable*, ImplicitExceptionTable*, AbstractCompiler*, bool, bool, bool, bool, int)+0x3fa
V  [libjvm.so+0x592bd6]  Compilation::install_code(int)+0xc6
V  [libjvm.so+0x594607]  Compilation::compile_method()+0x197
V  [libjvm.so+0x594823]  Compilation::Compilation(AbstractCompiler*, ciEnv*, ciMethod*, int, BufferBlob*, bool, DirectiveSet*)+0x1e3
V  [libjvm.so+0x5956b6]  Compiler::compile_method(ciEnv*, ciMethod*, int, bool, DirectiveSet*)+0xb6
V  [libjvm.so+0x742be1]  CompileBroker::invoke_compiler_on_method(CompileTask*)+0xb01
V  [libjvm.so+0x743ec8]  CompileBroker::compiler_thread_loop()+0x518
V  [libjvm.so+0xa3c0de]  JavaThread::thread_main_inner()+0x1de
V  [libjvm.so+0x116b2ef]  Thread::call_run()+0x9f
V  [libjvm.so+0xe724b6]  thread_native_entry(Thread*)+0xd6
C  [libc.so.6+0x9caa4]

siginfo: si_signo: 11 (SIGSEGV), si_code: 1 (SEGV_MAPERR), si_addr: 0x0000000000000004

Registers:
RAX=0x0000000000000001, RBX=0x00007de7300f1720, RCX=0x00007de75093adb4, RDX=0x000000000000041c
RSP=0x00007de791eefac8, RBP=0x00007de791eefbd0, RSI=0x000000000000041c, RDI=0x0000000000000000
R8 =0x00007de75093ae88, R9 =0x00000000000000e8, R10=0x00007de791eefb70, R11=0x0000000000000000
R12=0x0000000000000000, R13=0x00007de797451e88, R14=0x000000000000041c, R15=0x0000000000000000
RIP=0x00007de7b503945a, EFLAGS=0x0000000000010202, CSGSFS=0x002b000000000033, ERR=0x0000000000000006
  TRAPNO=0x000000000000000e

XMM[0]=0x0000000000000000 0x0000000000000000
XMM[1]=0x000009cf000003aa 0x000009ca000003a3
XMM[2]=0x0000000100000000 0x0000005200000877
XMM[3]=0x0000000000000000 0x0000006e000009ca
XMM[4]=0x0000000000000000 0x0000007a000009d4
XMM[5]=0x0000000100000000 0x0000005200000a81
XMM[6]=0x0000000000000000 0x000000d200000a3f
XMM[7]=0x0000000000000000 0x000000ae00000a19
XMM[8]=0x0000000000000000 0x00000086000009f8
XMM[9]=0x0000000000000005 0x0000000000000005
XMM[10]=0x0000000000000002 0x0000000000000002
XMM[11]=0xffffffffffffffff 0xffffffffffffffff
XMM[12]=0x0000000000000001 0x0000000000000001
XMM[13]=0x0000000000000000 0x0000000000000000
XMM[14]=0x0000000000000000 0x0000000000000000
XMM[15]=0x0000000000000000 0x0000000000000000
  MXCSR=0x00001fa2


Register to memory mapping:

RAX=0x0000000000000001 is an unknown value
RBX=0x00007de7300f1720 points into unknown readable memory: 0x0000000000000000 | 00 00 00 00 00 00 00 00
RCX=0x00007de75093adb4 points into unknown readable memory: 05 80 0a 60
RDX=0x000000000000041c is an unknown value
RSP=0x00007de791eefac8 is pointing into the stack for thread: 0x00007de7ac12f450
RBP=0x00007de791eefbd0 is pointing into the stack for thread: 0x00007de7ac12f450
RSI=0x000000000000041c is an unknown value
RDI=0x0 is null
R8 =0x00007de75093ae88 points into unknown readable memory: 0x0000000078477208 | 08 72 47 78 00 00 00 00
R9 =0x00000000000000e8 is an unknown value
R10=0x00007de791eefb70 is pointing into the stack for thread: 0x00007de7ac12f450
R11=0x0 is null
R12=0x0 is null
R13=0x00007de797451e88 is at entry_point+-266 in (nmethod*)0x00007de797451e88
Compiled method (c1) 4108 3027       3       java.lang.invoke.MethodType::isConvertibleTo (164 bytes)
 total in heap  [0x00007de797451e88,0x00007de797452b20] = 3224
 main code      [0x00007de797451f80,0x00007de797452ae0] = 2912
 stub code      [0x00007de797452ae0,0x00007de797452b20] = 64
 mutable data [0x00007de75093ada0,0x00007de75093aeb0] = 272
 relocation     [0x00007de75093ada0,0x00007de75093ae88] = 232
 metadata       [0x00007de75093ae88,0x00007de75093aeb0] = 40
 immutable data [0x00007de75093ab40,0x00007de75093ad90] = 592
 dependencies   [0x00007de75093ab40,0x00007de75093ab50] = 16
 nul chk table  [0x00007de75093ab50,0x00007de75093ab80] = 48
 scopes pcs     [0x00007de75093ab80,0x00007de75093aca0] = 288
 scopes data    [0x00007de75093aca0,0x00007de75093ad90] = 240
R14=0x000000000000041c is an unknown value
R15=0x0 is null

Top of Stack: (sp=0x00007de791eefac8)
0x00007de791eefac8:   00007de7b50430c1 00007de750000030   .0...}..0..P.}..
0x00007de791eefad8:   ffffffffffffffc0 0000000000000000   ................
0x00007de791eefae8:   00000002501c7210 00007de791eefb70   .r.P....p....}..
0x00007de791eefaf8:   00007de791eefb00 0000000000000000   .....}..........
0x00007de791eefb08:   00007de75093adb4 00007de75093ae88   ...P.}.....P.}..
0x00007de791eefb18:   00007de797451e88 00007de7974522a4   ..E..}..."E..}..
0x00007de791eefb28:   00007de791eefb90 00007de791eefb70   .....}..p....}..
0x00007de791eefb38:   00007de7b5070000 00007de797451f80   .....}....E..}..
0x00007de791eefb48:   00007de797451f80 00007de797452ae0   ..E..}...*E..}..
0x00007de791eefb58:   00007de797451f80 00007de797452ae0   ..E..}...*E..}..
0x00007de791eefb68:   00007de797452b20 00007de7b5824490    +E..}...D...}..
0x00007de791eefb78:   00007de791eefb00 0000000000000010   .....}..........
0x00007de791eefb88:   00007de7b5079774 00007de7ac12ff30   t....}..0....}..
0x00007de791eefb98:   6d7182f9854a1800 0000000000000160   ..J...qm`.......
0x00007de791eefba8:   00007de797451e88 00007de7ac12ff30   ..E..}..0....}..
0x00007de791eefbb8:   0000000000000160 00007de7ac12ff88   `............}..
0x00007de791eefbc8:   00007de7501c7210 00007de791eefc70   .r.P.}..p....}..
0x00007de791eefbd8:   00007de7b50437bb 00007de791eefc50   .7...}..P....}..
0x00007de791eefbe8:   0000000000000000 0000000000000000   ................
0x00007de791eefbf8:   0000000000000000 ffffffff00000bd3   ................
0x00007de791eefc08:   0000007800000003 0000000100000250   ....x...P.......
0x00007de791eefc18:   00007de75093ab40 00007de7ac12d4c0   @..P.}.......}..
0x00007de791eefc28:   00007de791ef0188 00007de7ac12ff88   .....}.......}..
0x00007de791eefc38:   00007de791ef01a0 00007de750000030   .....}..0..P.}..
0x00007de791eefc48:   00007de797451e88 00007de791eefd40   ..E..}..@....}..
0x00007de791eefc58:   00007de7b596c148 00007de7ac12ff88   H....}.......}..
0x00007de791eefc68:   0000000000000000 00007de791eefdb0   .............}..
0x00007de791eefc78:   00007de7b5043c8f 0000000000000bd3   .<...}..........
0x00007de791eefc88:   00000000ffffffff 00007de75093ab40   ........@..P.}..
0x00007de791eefc98:   00007de791ef01c0 0000000000000078   .....}..x.......
0x00007de791eefca8:   00007de7ac12ff88 00007de7501c7210   .....}...r.P.}..
0x00007de791eefcb8:   00007de791ef01e0 0000000000000012   .....}..........

Instructions: (pc=0x00007de7b503945a)
  0x00007de7b503935a:   e9 91 88 bb ff 48 8d 05 12 35 8c 00 55 48 8d 0d
  0x00007de7b503936a:   14 09 4e 00 48 8d 15 03 51 54 00 be 92 01 00 00
  0x00007de7b503937a:   48 8d 3d 1f 50 54 00 48 8b 00 48 89 e5 c6 00 58
  0x00007de7b503938a:   31 c0 e8 ef e0 96 ff 90 66 66 2e 0f 1f 84 00 00
  0x00007de7b503939a:   00 00 00 0f 1f 00 55 48 89 e5 41 54 49 89 f4 53
  0x00007de7b50393aa:   48 89 fb c7 07 eb fe eb fe e8 08 88 bb ff 41 0f
  0x00007de7b50393ba:   b6 44 24 04 48 8d 7b 04 88 43 04 e8 f6 87 bb ff
  0x00007de7b50393ca:   41 8b 04 24 48 89 df 89 03 5b 41 5c 5d e9 e4 87
  0x00007de7b50393da:   bb ff 0f 1f 40 00 0f b6 07 83 f8 0f 74 18 3d e9
  0x00007de7b50393ea:   00 00 00 74 29 48 0f be 47 01 48 8d 44 07 02 c3
  0x00007de7b50393fa:   66 0f 1f 44 00 00 b8 02 00 00 00 ba 06 00 00 00
  0x00007de7b503940a:   48 63 04 07 48 01 d0 48 01 f8 c3 0f 1f 00 b8 01
  0x00007de7b503941a:   00 00 00 ba 05 00 00 00 48 63 04 07 48 01 d0 48
  0x00007de7b503942a:   01 f8 c3 90 66 90 c7 07 0f ff 00 a9 be 08 00 00
  0x00007de7b503943a:   00 e9 b0 87 bb ff 81 fe ff 00 00 00 77 18 81 fa
  0x00007de7b503944a:   ff ff ff 00 77 10 c1 e6 18 b8 01 00 00 00 09 d6
=>0x00007de7b503945a:   89 77 04 c3 66 90 31 c0 c3 90 66 66 2e 0f 1f 84
  0x00007de7b503946a:   00 00 00 00 00 90 c3 90 66 66 2e 0f 1f 84 00 00
  0x00007de7b503947a:   00 00 00 0f 1f 00 b8 0f ff ff ff c6 47 02 00 66
  0x00007de7b503948a:   89 07 40 84 f6 75 07 c3 66 0f 1f 44 00 00 be 03
  0x00007de7b503949a:   00 00 00 e9 4e 87 bb ff 66 2e 0f 1f 84 00 00 00
  0x00007de7b50394aa:   00 00 66 2e 0f 1f 84 00 00 00 00 00 66 2e 0f 1f
  0x00007de7b50394ba:   84 00 00 00 00 00 55 48 63 d2 48 63 c9 48 89 e5
  0x00007de7b50394ca:   41 57 41 56 41 55 41 54 4c 8d 66 06 53 49 8d 1c
  0x00007de7b50394da:   14 49 01 cc 48 83 ec 48 48 89 75 a0 4c 39 e3 0f
  0x00007de7b50394ea:   83 d8 00 00 00 48 8d 45 ce 49 89 fd 41 be 01 00
  0x00007de7b50394fa:   00 00 48 89 45 b8 eb 27 66 0f 1f 44 00 00 41 0f
  0x00007de7b503950a:   b7 d7 48 8d 35 93 81 4e 00 4c 89 ef 31 c0 e8 13
  0x00007de7b503951a:   14 06 00 45 31 f6 4c 39 e3 0f 83 9e 00 00 00 48
  0x00007de7b503952a:   8b 75 b8 48 89 df e8 7b 3e 39 00 44 0f b7 7d ce
  0x00007de7b503953a:   48 89 c3 66 41 83 ff 7f 77 c4 e8 f7 2b 4c ff 48
  0x00007de7b503954a:   89 c1 41 0f b7 c7 48 8b 09 f6 04 41 08 74 27 45


Stack slot to memory mapping:

stack at sp + 0 slots: 0x00007de7b50430c1: <offset 0x0000000000e290c1> in /opt/java/openjdk/lib/server/libjvm.so at 0x00007de7b421a000
stack at sp + 1 slots: 0x00007de750000030 points into unknown readable memory: 0x0000000200000000 | 00 00 00 00 02 00 00 00
stack at sp + 2 slots: 0xffffffffffffffc0 is an unknown value
stack at sp + 3 slots: 0x0 is null
stack at sp + 4 slots: 0x00000002501c7210 is an unknown value
stack at sp + 5 slots: 0x00007de791eefb70 is pointing into the stack for thread: 0x00007de7ac12f450
stack at sp + 6 slots: 0x00007de791eefb00 is pointing into the stack for thread: 0x00007de7ac12f450
stack at sp + 7 slots: 0x0 is null

Lock stack of current Java thread (top to bottom):


---------------  P R O C E S S  ---------------

Threads class SMR info:
_java_thread_list=0x00007de7acdc82c0, length=25, elements={
0x00007de7ac02a3f0, 0x00007de7ac125e80, 0x00007de7ac127070, 0x00007de7ac128ac0,
0x00007de7ac12a3e0, 0x00007de7ac12bc60, 0x00007de7ac12da60, 0x00007de7ac12f450,
0x00007de7ac139030, 0x00007de7ac13b6a0, 0x00007de7ac1968e0, 0x00007de7ac377970,
0x00007de7ac37b160, 0x00007de7ac3f5170, 0x00007de7504d7780, 0x00007de7380030c0,
0x00007de7ac4214e0, 0x00007de7ac723110, 0x00007de7ac724060, 0x00007de7ac87f680,
0x00007de7ac89c830, 0x00007de7ac8dd960, 0x00007de7acd12370, 0x00007de7acdc3180,
0x00007de7acdc5aa0
}

Java Threads: ( => current thread )
  0x00007de7ac02a3f0 JavaThread "main"                              [_thread_blocked, id=10, stack(0x00007de7b402c000,0x00007de7b412c000) (1024K)]
  0x00007de7ac125e80 JavaThread "Reference Handler"          daemon [_thread_blocked, id=21, stack(0x00007de7927df000,0x00007de7928df000) (1024K)]
  0x00007de7ac127070 JavaThread "Finalizer"                  daemon [_thread_blocked, id=22, stack(0x00007de7922f2000,0x00007de7923f2000) (1024K)]
  0x00007de7ac128ac0 JavaThread "Signal Dispatcher"          daemon [_thread_blocked, id=23, stack(0x00007de7921f2000,0x00007de7922f2000) (1024K)]
  0x00007de7ac12a3e0 JavaThread "Service Thread"             daemon [_thread_blocked, id=24, stack(0x00007de7920f2000,0x00007de7921f2000) (1024K)]
  0x00007de7ac12bc60 JavaThread "Monitor Deflation Thread"   daemon [_thread_blocked, id=25, stack(0x00007de791ff2000,0x00007de7920f2000) (1024K)]
  0x00007de7ac12da60 JavaThread "C2 CompilerThread0"         daemon [_thread_blocked, id=26, stack(0x00007de791ef2000,0x00007de791ff2000) (1024K)]
=>0x00007de7ac12f450 JavaThread "C1 CompilerThread0"         daemon [_thread_in_vm, id=27, stack(0x00007de791df2000,0x00007de791ef2000) (1024K)]
  0x00007de7ac139030 JavaThread "Notification Thread"        daemon [_thread_blocked, id=28, stack(0x00007de791cf2000,0x00007de791df2000) (1024K)]
  0x00007de7ac13b6a0 JavaThread "Common-Cleaner"             daemon [_thread_blocked, id=29, stack(0x00007de791bf2000,0x00007de791cf2000) (1024K)]
  0x00007de7ac1968e0 JavaThread "HytaleConsole"              daemon [_thread_blocked, id=31, stack(0x00007de791af2000,0x00007de791bf2000) (1024K)]
  0x00007de7ac377970 JavaThread "EntityHolderReferenceThread-0" daemon [_thread_blocked, id=32, stack(0x00007de7919f2000,0x00007de791af2000) (1024K)]
  0x00007de7ac37b160 JavaThread "EntityHolderReferenceThread-1" daemon [_thread_blocked, id=33, stack(0x00007de7918f2000,0x00007de7919f2000) (1024K)]
  0x00007de7ac3f5170 JavaThread "process reaper"             daemon [_thread_blocked, id=38, stack(0x00007de7b0018000,0x00007de7b003a000) (136K)]
  0x00007de7504d7780 JavaThread "C2 CompilerThread1"         daemon [_thread_in_vm, id=40, stack(0x00007de7917f2000,0x00007de7918f2000) (1024K)]
  0x00007de7380030c0 JavaThread "C2 CompilerThread2"         daemon [_thread_blocked, id=41, stack(0x00007de7916f2000,0x00007de7917f2000) (1024K)]
  0x00007de7ac4214e0 JavaThread "HytaleLogger"               daemon [_thread_blocked, id=42, stack(0x00007de791300000,0x00007de791400000) (1024K)]
  0x00007de7ac723110 JavaThread "ForceTimeHighResolution"    daemon [_thread_blocked, id=50, stack(0x00007de7902f9000,0x00007de7903f9000) (1024K)]
  0x00007de7ac724060 JavaThread "KeepAlive"                         [_thread_blocked, id=51, stack(0x00007de7901f9000,0x00007de7902f9000) (1024K)]
  0x00007de7ac87f680 JavaThread "HttpClient-1-SelectorManager" daemon [_thread_in_native, id=52, stack(0x00007de7900f9000,0x00007de7901f9000) (1024K)]
  0x00007de7ac89c830 JavaThread "SentryExecutorServiceThreadFactory-0" daemon [_thread_blocked, id=53, stack(0x00007de707f00000,0x00007de708000000) (1024K)]
  0x00007de7ac8dd960 JavaThread "SentryAsyncConnection-0"    daemon [_thread_blocked, id=54, stack(0x00007de707e00000,0x00007de707f00000) (1024K)]
  0x00007de7acd12370 JavaThread "MapKeyMapCodec"             daemon [_thread_blocked, id=57, stack(0x00007de707bff000,0x00007de707cff000) (1024K)]
  0x00007de7acdc3180 JavaThread "ForkJoinPool.commonPool-worker-1" daemon [_thread_blocked, id=58, stack(0x00007de707aff000,0x00007de707bff000) (1024K)]
  0x00007de7acdc5aa0 JavaThread "Scheduler"                  daemon [_thread_blocked, id=59, stack(0x00007de7079ff000,0x00007de707aff000) (1024K)]
Total: 25

Other Threads:
  0x00007de7ac11c390 VMThread "VM Thread"                           [id=20, stack(0x00007de7928e0000,0x00007de7929e0000) (1024K)]
  0x00007de7ac10c1b0 WatcherThread "VM Periodic Task Thread"        [id=19, stack(0x00007de7926de000,0x00007de7927de000) (1024K)]
  0x00007de7ac093bb0 WorkerThread "GC Thread#0"                     [id=11, stack(0x00007de7b24e8000,0x00007de7b25e8000) (1024K)]
  0x00007de774009170 WorkerThread "GC Thread#1"                     [id=43, stack(0x00007de790a00000,0x00007de790b00000) (1024K)]
  0x00007de774009cf0 WorkerThread "GC Thread#2"                     [id=44, stack(0x00007de7908ff000,0x00007de7909ff000) (1024K)]
  0x00007de77400a9f0 WorkerThread "GC Thread#3"                     [id=45, stack(0x00007de7907fe000,0x00007de7908fe000) (1024K)]
  0x00007de77400b6f0 WorkerThread "GC Thread#4"                     [id=46, stack(0x00007de7906fd000,0x00007de7907fd000) (1024K)]
  0x00007de77400c470 WorkerThread "GC Thread#5"                     [id=47, stack(0x00007de7905fc000,0x00007de7906fc000) (1024K)]
  0x00007de774015560 WorkerThread "GC Thread#6"                     [id=48, stack(0x00007de7904fb000,0x00007de7905fb000) (1024K)]
  0x00007de774016630 WorkerThread "GC Thread#7"                     [id=49, stack(0x00007de7903fa000,0x00007de7904fa000) (1024K)]
  0x00007de7ac0ac8d0 ConcurrentGCThread "G1 Main Marker"            [id=12, stack(0x00007de7b23e7000,0x00007de7b24e7000) (1024K)]
  0x00007de7ac0adaa0 WorkerThread "G1 Conc#0"                       [id=13, stack(0x00007de7b22e6000,0x00007de7b23e6000) (1024K)]
  0x00007de784000cd0 WorkerThread "G1 Conc#1"                       [id=55, stack(0x00007de707d00000,0x00007de707e00000) (1024K)]
  0x00007de7ac0f4a30 ConcurrentGCThread "G1 Refine#0"               [id=14, stack(0x00007de792ae2000,0x00007de792be2000) (1024K)]
  0x00007de7ac0f5c20 ConcurrentGCThread "G1 Service"                [id=15, stack(0x00007de7929e1000,0x00007de792ae1000) (1024K)]
Total: 15

Threads with active compile tasks:
C1 CompilerThread0  4113 3027       3       java.lang.invoke.MethodType::isConvertibleTo (164 bytes)
C2 CompilerThread1  4113 3032       4       java.lang.ClassLoader::getClassLoadingLock (35 bytes)
Total: 2

VM state: not at safepoint (normal execution)

VM Mutex/Monitor currently owned by a thread:  ([mutex/lock_event])
[0x00007de7b596d5c8] MethodCompileQueue_lock - owner thread: 0x00007de7ac12f450
[0x00007de7b596c148] CodeCache_lock - owner thread: 0x00007de7ac12f450
[0x00007de7b596bec8] Compile_lock - owner thread: 0x00007de7ac12f450

Heap address: 0x0000000707a00000, size: 3974 MB, Compressed Oops mode: Zero based, Oop shift amount: 3

CDS archive(s) mapped at: [0x0000000078000000-0x0000000078c8c000-0x0000000078c8c000), size 13156352, SharedBaseAddress: 0x0000000078000000, ArchiveRelocationMode: 1.
Compressed class space mapped at: 0x0000000079000000-0x00000000b9000000, reserved size: 1073741824
UseCompressedClassPointers 1, UseCompactObjectHeaders 0
Narrow klass pointer bits 32, Max shift 3
Narrow klass base: 0x0000000078000000, Narrow klass shift: 0
Encoding Range: [0x0000000078000000 - 0x0000000178000000), (4294967296 bytes)
Klass Range:    [0x0000000078001000 - 0x00000000b9000000), (1090514944 bytes)
Klass ID Range:  [4096 - 1090519033) (1090514937)
Protection zone: [0x0000000078000000 - 0x0000000078001000), (4096 bytes)

GC Precious Log:
 CardTable entry size: 512
 Card Set container configuration: InlinePtr #cards 4 size 8 Array Of Cards #cards 16 size 48 Howl #buckets 8 coarsen threshold 3686 Howl Bitmap #cards 512 size 80 coarsen threshold 460 Card regions per heap region 1 cards per card region 4096
 CPUs: 8 total, 8 available
 Memory: 15890M
 Large Page Support: Disabled
 NUMA Support: Disabled
 Compressed Oops: Enabled (Zero based)
 Heap Region Size: 2M
 Heap Min Capacity: 8M
 Heap Initial Capacity: 250M
 Heap Max Capacity: 3974M
 Pre-touch: Disabled
 Parallel Workers: 8
 Concurrent Workers: 2
 Concurrent Refinement Workers: 8
 Periodic GC: Disabled

Heap:
 garbage-first heap   total reserved 4069376K, committed 65536K, used 42732K [0x0000000707a00000, 0x0000000800000000)
  region size 2048K, 14 young (28672K), 2 survivors (4096K)

Heap Regions: E=young(eden), S=young(survivor), O=old, HS=humongous(starts), HC=humongous(continues), CS=collection set, F=free, TAMS=top-at-mark-start, PB=parsable bottom
|   0|0x0000000707a00000, 0x0000000707c00000, 0x0000000707c00000|100%|HS|  |TAMS 0x0000000707a00000| PB 0x0000000707a00000| Complete |  0
|   1|0x0000000707c00000, 0x0000000707e00000, 0x0000000707e00000|100%|HC|  |TAMS 0x0000000707c00000| PB 0x0000000707c00000| Complete |  0
|   2|0x0000000707e00000, 0x0000000708000000, 0x0000000708000000|100%|HC|  |TAMS 0x0000000707e00000| PB 0x0000000707e00000| Complete |  0
|   3|0x0000000708000000, 0x0000000708200000, 0x0000000708200000|100%| O|  |TAMS 0x0000000708000000| PB 0x0000000708000000| Untracked |  0
|   4|0x0000000708200000, 0x0000000708400000, 0x0000000708400000|100%| O|  |TAMS 0x0000000708200000| PB 0x0000000708200000| Untracked |  0
|   5|0x0000000708400000, 0x0000000708600000, 0x0000000708600000|100%| O|  |TAMS 0x0000000708400000| PB 0x0000000708400000| Untracked |  0
|   6|0x0000000708600000, 0x0000000708800000, 0x0000000708800000|100%| O|  |TAMS 0x0000000708600000| PB 0x0000000708600000| Untracked |  0
|   7|0x0000000708800000, 0x0000000708a00000, 0x0000000708a00000|100%| O|  |TAMS 0x0000000708800000| PB 0x0000000708800000| Untracked |  0
|   8|0x0000000708a00000, 0x0000000708ac4740, 0x0000000708c00000| 38%| O|  |TAMS 0x0000000708a00000| PB 0x0000000708a00000| Untracked |  0
|   9|0x0000000708c00000, 0x0000000708c00000, 0x0000000708e00000|  0%| F|  |TAMS 0x0000000708c00000| PB 0x0000000708c00000| Untracked |  0
|  10|0x0000000708e00000, 0x0000000708e00000, 0x0000000709000000|  0%| F|  |TAMS 0x0000000708e00000| PB 0x0000000708e00000| Untracked |  0
|  11|0x0000000709000000, 0x0000000709000000, 0x0000000709200000|  0%| F|  |TAMS 0x0000000709000000| PB 0x0000000709000000| Untracked |  0
|  12|0x0000000709200000, 0x0000000709200000, 0x0000000709400000|  0%| F|  |TAMS 0x0000000709200000| PB 0x0000000709200000| Untracked |  0
|  13|0x0000000709400000, 0x00000007094f6b58, 0x0000000709600000| 48%| S|CS|TAMS 0x0000000709400000| PB 0x0000000709400000| Complete |  0
|  14|0x0000000709600000, 0x0000000709800000, 0x0000000709800000|100%| S|CS|TAMS 0x0000000709600000| PB 0x0000000709600000| Complete |  0
|  15|0x0000000709800000, 0x0000000709800000, 0x0000000709a00000|  0%| F|  |TAMS 0x0000000709800000| PB 0x0000000709800000| Untracked |  0
|  16|0x0000000709a00000, 0x0000000709a00000, 0x0000000709c00000|  0%| F|  |TAMS 0x0000000709a00000| PB 0x0000000709a00000| Untracked |  0
|  17|0x0000000709c00000, 0x0000000709c00000, 0x0000000709e00000|  0%| F|  |TAMS 0x0000000709c00000| PB 0x0000000709c00000| Untracked |  0
|  18|0x0000000709e00000, 0x0000000709e00000, 0x000000070a000000|  0%| F|  |TAMS 0x0000000709e00000| PB 0x0000000709e00000| Untracked |  0
|  19|0x000000070a000000, 0x000000070a000000, 0x000000070a200000|  0%| F|  |TAMS 0x000000070a000000| PB 0x000000070a000000| Untracked |  0
|  20|0x000000070a200000, 0x000000070a3655b8, 0x000000070a400000| 69%| E|  |TAMS 0x000000070a200000| PB 0x000000070a200000| Complete |  0
|  21|0x000000070a400000, 0x000000070a600000, 0x000000070a600000|100%| E|CS|TAMS 0x000000070a400000| PB 0x000000070a400000| Complete |  0
|  22|0x000000070a600000, 0x000000070a800000, 0x000000070a800000|100%| E|CS|TAMS 0x000000070a600000| PB 0x000000070a600000| Complete |  0
|  23|0x000000070a800000, 0x000000070aa00000, 0x000000070aa00000|100%| E|CS|TAMS 0x000000070a800000| PB 0x000000070a800000| Complete |  0
|  24|0x000000070aa00000, 0x000000070ac00000, 0x000000070ac00000|100%| E|CS|TAMS 0x000000070aa00000| PB 0x000000070aa00000| Complete |  0
|  25|0x000000070ac00000, 0x000000070ae00000, 0x000000070ae00000|100%| E|CS|TAMS 0x000000070ac00000| PB 0x000000070ac00000| Complete |  0
| 106|0x0000000714e00000, 0x0000000715000000, 0x0000000715000000|100%| E|CS|TAMS 0x0000000714e00000| PB 0x0000000714e00000| Complete |  0
| 107|0x0000000715000000, 0x0000000715200000, 0x0000000715200000|100%| E|CS|TAMS 0x0000000715000000| PB 0x0000000715000000| Complete |  0
| 108|0x0000000715200000, 0x0000000715400000, 0x0000000715400000|100%| E|CS|TAMS 0x0000000715200000| PB 0x0000000715200000| Complete |  0
| 109|0x0000000715400000, 0x0000000715600000, 0x0000000715600000|100%| E|CS|TAMS 0x0000000715400000| PB 0x0000000715400000| Complete |  0
| 124|0x0000000717200000, 0x0000000717400000, 0x0000000717400000|100%| E|CS|TAMS 0x0000000717200000| PB 0x0000000717200000| Complete |  0
|1986|0x00000007ffe00000, 0x0000000800000000, 0x0000000800000000|100%| E|CS|TAMS 0x00000007ffe00000| PB 0x00000007ffe00000| Complete |  0

Card table byte_map: [0x00007de7b2669000,0x00007de7b2e2c000] _byte_map_base: 0x00007de7aee2c000

Marking Bits: (CMBitMap*) 0x00007de7ac094900
 Bits: [0x00007de7931e8000, 0x00007de797000000)

Polling page: 0x00007de7b4005000

Metaspace:
Metaspace        used 34748K, committed 35072K, reserved 1114112K
 class space     used 5926K, committed 6080K, reserved 1048576K

Usage:
  Non-class:     28.15 MB used.
      Class:      5.79 MB used.
       Both:     33.93 MB used.

Virtual space:
  Non-class space:       64.00 MB reserved,      28.31 MB ( 44%) committed,  1 nodes.
      Class space:        1.00 GB reserved,       5.94 MB ( <1%) committed,  1 nodes.
             Both:        1.06 GB reserved,      34.25 MB (  3%) committed. 

Chunk freelists:
   Non-Class:  3.02 MB
       Class:  9.92 MB
        Both:  12.94 MB

MaxMetaspaceSize: unlimited
CompressedClassSpaceSize: 1.00 GB
Initial GC threshold: 21.00 MB
Current GC threshold: 35.25 MB
CDS: on
 - commit_granule_bytes: 65536.
 - commit_granule_words: 8192.
 - virtual_space_node_default_size: 8388608.
 - enlarge_chunks_in_place: 1.
UseCompressedClassPointers 1, UseCompactObjectHeaders 0
Narrow klass pointer bits 32, Max shift 3
Narrow klass base: 0x0000000078000000, Narrow klass shift: 0
Encoding Range: [0x0000000078000000 - 0x0000000178000000), (4294967296 bytes)
Klass Range:    [0x0000000078001000 - 0x00000000b9000000), (1090514944 bytes)
Klass ID Range:  [4096 - 1090519033) (1090514937)
Protection zone: [0x0000000078000000 - 0x0000000078001000), (4096 bytes)


Internal statistics:

num_allocs_failed_limit: 7.
num_arena_births: 316.
num_arena_deaths: 0.
num_vsnodes_births: 2.
num_vsnodes_deaths: 0.
num_space_committed: 548.
num_space_uncommitted: 0.
num_chunks_returned_to_freelist: 7.
num_chunks_taken_from_freelist: 1262.
num_chunk_merges: 3.
num_chunk_splits: 954.
num_chunks_enlarged: 762.
num_inconsistent_stats: 0.

CodeHeap 'non-profiled nmethods': size=120032Kb used=1489Kb max_used=1489Kb free=118542Kb
 bounds [0x00007de79eac8000, 0x00007de79ed38000, 0x00007de7a6000000]
CodeHeap 'profiled nmethods': size=120028Kb used=4426Kb max_used=4426Kb free=115601Kb
 bounds [0x00007de797000000, 0x00007de797460000, 0x00007de79e537000]
CodeHeap 'non-nmethods': size=5700Kb used=1712Kb max_used=1748Kb free=3988Kb
 bounds [0x00007de79e537000, 0x00007de79e7a7000, 0x00007de79eac8000]
CodeCache: size=245760Kb, used=7627Kb, max_used=7663Kb, free=238131Kb
 total_blobs=3761, nmethods=3027, adapters=635, full_count=0
Compilation: enabled, stopped_count=0, restarted_count=0

Compilation events (20 events):
Event: 4.072 Thread 0x00007de7ac12f450 3019   !   3       java.util.concurrent.ConcurrentHashMap::putVal (432 bytes)
Event: 4.074 Thread 0x00007de7ac12f450 nmethod 3019 0x00007de797446988 code [0x00007de797446a80, 0x00007de797448568]
Event: 4.074 Thread 0x00007de7ac12f450 3022       3       java.lang.invoke.MethodHandle::getApproximateCommonClassLoader (58 bytes)
Event: 4.075 Thread 0x00007de7ac12f450 nmethod 3022 0x00007de797448588 code [0x00007de797448680, 0x00007de797449078]
Event: 4.075 Thread 0x00007de7ac12f450 3024       3       java.util.concurrent.ConcurrentHashMap::addCount (280 bytes)
Event: 4.076 Thread 0x00007de7ac12f450 nmethod 3024 0x00007de797449088 code [0x00007de797449180, 0x00007de797449b80]
Event: 4.076 Thread 0x00007de7ac12f450 3023       3       java.lang.invoke.MethodHandle::keepsAlive (49 bytes)
Event: 4.076 Thread 0x00007de7ac12f450 nmethod 3023 0x00007de797449c08 code [0x00007de797449d00, 0x00007de79744a6d0]
Event: 4.076 Thread 0x00007de7ac12f450 3020       3       java.lang.invoke.MethodHandle::setAsTypeCache (39 bytes)
Event: 4.077 Thread 0x00007de7ac12f450 nmethod 3020 0x00007de79744a708 code [0x00007de79744a800, 0x00007de79744aef8]
Event: 4.077 Thread 0x00007de7ac12f450 3025       1       com.hypixel.hytale.logger.backend.HytaleLoggerBackend::getLoggerName (5 bytes)
Event: 4.077 Thread 0x00007de7ac12f450 nmethod 3025 0x00007de79ec3c288 code [0x00007de79ec3c380, 0x00007de79ec3c440]
Event: 4.077 Thread 0x00007de7ac12f450 3021       3       java.lang.invoke.MethodHandle::isSafeToCache (14 bytes)
Event: 4.077 Thread 0x00007de7ac12f450 nmethod 3021 0x00007de79744af08 code [0x00007de79744b000, 0x00007de79744b178]
Event: 4.078 Thread 0x00007de7ac12f450 3030       3       java.lang.invoke.MethodHandleImpl::makePairwiseConvertByEditor (617 bytes)
Event: 4.082 Thread 0x00007de7ac12f450 nmethod 3030 0x00007de79744b208 code [0x00007de79744b300, 0x00007de797450d60]
Event: 4.082 Thread 0x00007de7ac12f450 3026       3       java.lang.invoke.MethodHandle::asTypeUncached (54 bytes)
Event: 4.083 Thread 0x00007de7ac12f450 nmethod 3026 0x00007de797450d88 code [0x00007de797450e80, 0x00007de797451e30]
Event: 4.083 Thread 0x00007de7ac12f450 3027       3       java.lang.invoke.MethodType::isConvertibleTo (164 bytes)
Event: 4.083 Thread 0x00007de7504d7780 3032       4       java.lang.ClassLoader::getClassLoadingLock (35 bytes)

GC Heap Usage History (12 events):
Event: 2.053 {heap Before GC invocations=0 (full 0):
 garbage-first heap   total reserved 4069376K, committed 258048K, used 54329K [0x0000000707a00000, 0x0000000800000000)
  region size 2048K, 24 young (49152K), 0 survivors (0K)
}
Event: 2.061 {heap After GC invocations=1 (full 0):
 garbage-first heap   total reserved 4069376K, committed 258048K, used 11150K [0x0000000707a00000, 0x0000000800000000)
  region size 2048K, 2 young (4096K), 2 survivors (4096K)
}
Event: 2.626 {heap Before GC invocations=1 (full 0):
 garbage-first heap   total reserved 4069376K, committed 258048K, used 39822K [0x0000000707a00000, 0x0000000800000000)
  region size 2048K, 17 young (34816K), 2 survivors (4096K)
}
Event: 2.635 {heap After GC invocations=2 (full 0):
 garbage-first heap   total reserved 4069376K, committed 258048K, used 15135K [0x0000000707a00000, 0x0000000800000000)
  region size 2048K, 4 young (8192K), 4 survivors (8192K)
}
Event: 2.968 {heap Before GC invocations=3 (full 0):
 garbage-first heap   total reserved 4069376K, committed 55296K, used 54047K [0x0000000707a00000, 0x0000000800000000)
  region size 2048K, 23 young (47104K), 4 survivors (8192K)
}
Event: 2.984 {heap After GC invocations=4 (full 0):
 garbage-first heap   total reserved 4069376K, committed 65536K, used 17303K [0x0000000707a00000, 0x0000000800000000)
  region size 2048K, 5 young (10240K), 5 survivors (10240K)
}
Event: 3.229 {heap Before GC invocations=4 (full 0):
 garbage-first heap   total reserved 4069376K, committed 65536K, used 45975K [0x0000000707a00000, 0x0000000800000000)
  region size 2048K, 19 young (38912K), 5 survivors (10240K)
}
Event: 3.241 {heap After GC invocations=5 (full 0):
 garbage-first heap   total reserved 4069376K, committed 65536K, used 18042K [0x0000000707a00000, 0x0000000800000000)
  region size 2048K, 2 young (4096K), 2 survivors (4096K)
}
Event: 3.486 {heap Before GC invocations=5 (full 0):
 garbage-first heap   total reserved 4069376K, committed 65536K, used 46714K [0x0000000707a00000, 0x0000000800000000)
  region size 2048K, 16 young (32768K), 2 survivors (4096K)
}
Event: 3.491 {heap After GC invocations=6 (full 0):
 garbage-first heap   total reserved 4069376K, committed 65536K, used 19390K [0x0000000707a00000, 0x0000000800000000)
  region size 2048K, 2 young (4096K), 2 survivors (4096K)
}
Event: 3.690 {heap Before GC invocations=6 (full 0):
 garbage-first heap   total reserved 4069376K, committed 65536K, used 50110K [0x0000000707a00000, 0x0000000800000000)
  region size 2048K, 17 young (34816K), 2 survivors (4096K)
}
Event: 3.708 {heap After GC invocations=7 (full 0):
 garbage-first heap   total reserved 4069376K, committed 65536K, used 20204K [0x0000000707a00000, 0x0000000800000000)
  region size 2048K, 2 young (4096K), 2 survivors (4096K)
}

Metaspace Usage History (12 events):
Event: 2.053 {metaspace Before GC invocations=0 (full 0):
 Metaspace       used 11685K, committed 11968K, reserved 1114112K
  class space    used 1567K, committed 1664K, reserved 1048576K
}
Event: 2.061 {metaspace After GC invocations=1 (full 0):
 Metaspace       used 11685K, committed 11968K, reserved 1114112K
  class space    used 1567K, committed 1664K, reserved 1048576K
}
Event: 2.626 {metaspace Before GC invocations=1 (full 0):
 Metaspace       used 21251K, committed 21504K, reserved 1114112K
  class space    used 2750K, committed 2880K, reserved 1048576K
}
Event: 2.635 {metaspace After GC invocations=2 (full 0):
 Metaspace       used 21251K, committed 21504K, reserved 1114112K
  class space    used 2750K, committed 2880K, reserved 1048576K
}
Event: 2.968 {metaspace Before GC invocations=3 (full 0):
 Metaspace       used 24807K, committed 25152K, reserved 1114112K
  class space    used 3552K, committed 3712K, reserved 1048576K
}
Event: 2.984 {metaspace After GC invocations=4 (full 0):
 Metaspace       used 24807K, committed 25152K, reserved 1114112K
  class space    used 3552K, committed 3712K, reserved 1048576K
}
Event: 3.229 {metaspace Before GC invocations=4 (full 0):
 Metaspace       used 26930K, committed 27328K, reserved 1114112K
  class space    used 4102K, committed 4288K, reserved 1048576K
}
Event: 3.241 {metaspace After GC invocations=5 (full 0):
 Metaspace       used 26930K, committed 27328K, reserved 1114112K
  class space    used 4102K, committed 4288K, reserved 1048576K
}
Event: 3.486 {metaspace Before GC invocations=5 (full 0):
 Metaspace       used 29108K, committed 29440K, reserved 1114112K
  class space    used 4676K, committed 4864K, reserved 1048576K
}
Event: 3.491 {metaspace After GC invocations=6 (full 0):
 Metaspace       used 29108K, committed 29440K, reserved 1114112K
  class space    used 4676K, committed 4864K, reserved 1048576K
}
Event: 3.690 {metaspace Before GC invocations=6 (full 0):
 Metaspace       used 31401K, committed 31744K, reserved 1114112K
  class space    used 5266K, committed 5440K, reserved 1048576K
}
Event: 3.708 {metaspace After GC invocations=7 (full 0):
 Metaspace       used 31401K, committed 31744K, reserved 1114112K
  class space    used 5266K, committed 5440K, reserved 1048576K
}

Dll operation events (14 events):
Event: 0.003 Loaded shared library /opt/java/openjdk/lib/libjava.so
Event: 0.040 Loaded shared library /opt/java/openjdk/lib/libsimdsort.so
Event: 0.070 Loaded shared library /opt/java/openjdk/lib/libnio.so
Event: 0.188 Loaded shared library /opt/java/openjdk/lib/libzip.so
Event: 0.299 Loaded shared library /opt/java/openjdk/lib/libnet.so
Event: 0.418 Loaded shared library /opt/java/openjdk/lib/libjimage.so
Event: 1.061 Loaded shared library /tmp/jlinenative-3.30.6-4155da93146e7fc1-libjlinenative.so
Event: 1.090 Loaded shared library /tmp/jansi-2.4.2-d0243f8aacf056be-libjansi.so
Event: 1.694 Loaded shared library /opt/java/openjdk/lib/libmanagement.so
Event: 1.695 Loaded shared library /opt/java/openjdk/lib/libmanagement_ext.so
Event: 1.858 Loaded shared library /opt/java/openjdk/lib/libsyslookup.so
Event: 2.049 Loaded shared library /tmp/libnetty_quiche42_linux_x86_643857521839882469324.so
Event: 2.535 Loaded shared library /opt/java/openjdk/lib/libextnet.so
Event: 4.069 Loaded shared library /tmp/libnetty_transport_native_epoll_x86_6411254655567560753960.so

Deoptimization events (20 events):
Event: 3.503 Thread 0x00007de7ac02a3f0 Uncommon trap: trap_request=0xffffffd6 fr.pc=0x00007de79ebfc0d4 relative=0x0000000000000754
Event: 3.503 Thread 0x00007de7ac02a3f0 Uncommon trap: reason=array_check action=maybe_recompile pc=0x00007de79ebfc0d4 method=jdk.internal.classfile.impl.DirectClassBuilder.withMethod(Ljdk/internal/classfile/impl/Util$Writable;)Ljava/lang/classfile/ClassBuilder; @ 51 c2
Event: 3.503 Thread 0x00007de7ac02a3f0 DEOPT PACKING pc=0x00007de79ebfc0d4 sp=0x00007de7b4127510
Event: 3.503 Thread 0x00007de7ac02a3f0 DEOPT UNPACKING pc=0x00007de79e5c51f9 sp=0x00007de7b41273e8 mode 2
Event: 3.503 Thread 0x00007de7ac02a3f0 Uncommon trap: trap_request=0xffffffd6 fr.pc=0x00007de79ebfc0d4 relative=0x0000000000000754
Event: 3.503 Thread 0x00007de7ac02a3f0 Uncommon trap: reason=array_check action=maybe_recompile pc=0x00007de79ebfc0d4 method=jdk.internal.classfile.impl.DirectClassBuilder.withMethod(Ljdk/internal/classfile/impl/Util$Writable;)Ljava/lang/classfile/ClassBuilder; @ 51 c2
Event: 3.503 Thread 0x00007de7ac02a3f0 DEOPT PACKING pc=0x00007de79ebfc0d4 sp=0x00007de7b4127470
Event: 3.503 Thread 0x00007de7ac02a3f0 DEOPT UNPACKING pc=0x00007de79e5c51f9 sp=0x00007de7b4127348 mode 2
Event: 3.503 Thread 0x00007de7ac02a3f0 Uncommon trap: trap_request=0xffffffd6 fr.pc=0x00007de79ebfc0d4 relative=0x0000000000000754
Event: 3.503 Thread 0x00007de7ac02a3f0 Uncommon trap: reason=array_check action=maybe_recompile pc=0x00007de79ebfc0d4 method=jdk.internal.classfile.impl.DirectClassBuilder.withMethod(Ljdk/internal/classfile/impl/Util$Writable;)Ljava/lang/classfile/ClassBuilder; @ 51 c2
Event: 3.503 Thread 0x00007de7ac02a3f0 DEOPT PACKING pc=0x00007de79ebfc0d4 sp=0x00007de7b4127500
Event: 3.503 Thread 0x00007de7ac02a3f0 DEOPT UNPACKING pc=0x00007de79e5c51f9 sp=0x00007de7b41273d8 mode 2
Event: 4.071 Thread 0x00007de7ac02a3f0 Uncommon trap: trap_request=0xffffff45 fr.pc=0x00007de79eb1999c relative=0x000000000000099c
Event: 4.071 Thread 0x00007de7ac02a3f0 Uncommon trap: reason=unstable_if action=reinterpret pc=0x00007de79eb1999c method=java.util.concurrent.ConcurrentHashMap.addCount(JI)V @ 34 c2
Event: 4.071 Thread 0x00007de7ac02a3f0 DEOPT PACKING pc=0x00007de79eb1999c sp=0x00007de7b41280e0
Event: 4.071 Thread 0x00007de7ac02a3f0 DEOPT UNPACKING pc=0x00007de79e5c51f9 sp=0x00007de7b4127f90 mode 2
Event: 4.071 Thread 0x00007de7ac02a3f0 Uncommon trap: trap_request=0xffffff45 fr.pc=0x00007de79eb41154 relative=0x0000000000000154
Event: 4.071 Thread 0x00007de7ac02a3f0 Uncommon trap: reason=unstable_if action=reinterpret pc=0x00007de79eb41154 method=java.util.concurrent.ConcurrentHashMap.addCount(JI)V @ 7 c2
Event: 4.071 Thread 0x00007de7ac02a3f0 DEOPT PACKING pc=0x00007de79eb41154 sp=0x00007de7b4125f30
Event: 4.071 Thread 0x00007de7ac02a3f0 DEOPT UNPACKING pc=0x00007de79e5c51f9 sp=0x00007de7b4125eb0 mode 2

Classes loaded (20 events):
Event: 4.061 Loading class java/util/function/IntSupplier
Event: 4.061 Loading class java/util/function/IntSupplier done
Event: 4.061 Loading class java/util/concurrent/CompletableFuture$AsyncRun
Event: 4.061 Loading class java/util/concurrent/CompletableFuture$AsyncRun done
Event: 4.062 Loading class java/util/concurrent/CompletableFuture$UniExceptionally
Event: 4.062 Loading class java/util/concurrent/CompletableFuture$UniExceptionally done
Event: 4.071 Loading class java/net/PortUnreachableException
Event: 4.071 Loading class java/net/PortUnreachableException done
Event: 4.072 Loading class java/util/concurrent/atomic/AtomicIntegerFieldUpdater
Event: 4.072 Loading class java/util/concurrent/atomic/AtomicIntegerFieldUpdater done
Event: 4.072 Loading class java/util/concurrent/atomic/AtomicIntegerFieldUpdater$AtomicIntegerFieldUpdaterImpl
Event: 4.072 Loading class java/util/concurrent/atomic/AtomicIntegerFieldUpdater$AtomicIntegerFieldUpdaterImpl done
Event: 4.072 Loading class sun/reflect/misc/ReflectUtil
Event: 4.072 Loading class sun/reflect/misc/ReflectUtil done
Event: 4.076 Loading class java/net/NetworkInterface$1
Event: 4.077 Loading class java/net/NetworkInterface$1 done
Event: 4.077 Loading class java/security/PrivilegedActionException
Event: 4.077 Loading class java/security/PrivilegedActionException done
Event: 4.077 Loading class java/security/PrivilegedExceptionAction
Event: 4.077 Loading class java/security/PrivilegedExceptionAction done

Classes unloaded (0 events):
No events

Classes redefined (0 events):
No events

Internal exceptions (20 events):
Event: 1.918 Thread 0x00007de7ac02a3f0 Exception <a 'java/lang/NoSuchMethodError'{0x00000007147ea300}: 'long java.lang.invoke.DirectMethodHandle$Holder.invokeStaticInit(java.lang.Object, java.lang.Object, java.lang.Object, long)'> (0x00000007147ea300) 
thrown [src/hotspot/share/interpreter/linkResolver.cpp, line 803]
Event: 1.919 Thread 0x00007de7ac02a3f0 Exception <a 'java/lang/NoSuchMethodError'{0x00000007147fa718}: 'long java.lang.invoke.DelegatingMethodHandle$Holder.reinvoke_L(java.lang.Object, java.lang.Object, java.lang.Object, long)'> (0x00000007147fa718) 
thrown [src/hotspot/share/interpreter/linkResolver.cpp, line 803]
Event: 1.926 Thread 0x00007de7ac02a3f0 Exception <a 'java/lang/NoSuchMethodError'{0x00000007144470c0}: 'void java.lang.invoke.DirectMethodHandle$Holder.invokeStaticInit(java.lang.Object, java.lang.Object, java.lang.Object, long)'> (0x00000007144470c0) 
thrown [src/hotspot/share/interpreter/linkResolver.cpp, line 803]
Event: 1.927 Thread 0x00007de7ac02a3f0 Exception <a 'java/lang/NoSuchMethodError'{0x0000000714457290}: 'void java.lang.invoke.DelegatingMethodHandle$Holder.reinvoke_L(java.lang.Object, java.lang.Object, java.lang.Object, long)'> (0x0000000714457290) 
thrown [src/hotspot/share/interpreter/linkResolver.cpp, line 803]
Event: 1.931 Thread 0x00007de7ac02a3f0 Exception <a 'java/lang/NoSuchMethodError'{0x0000000714480128}: 'java.lang.Object java.lang.invoke.DirectMethodHandle$Holder.invokeInterface(java.lang.Object, java.lang.Object, long)'> (0x0000000714480128) 
thrown [src/hotspot/share/interpreter/linkResolver.cpp, line 803]
Event: 1.932 Thread 0x00007de7ac02a3f0 Exception <a 'java/lang/NoSuchMethodError'{0x0000000714498bf8}: 'long java.lang.invoke.DelegatingMethodHandle$Holder.reinvoke_L(java.lang.Object, java.lang.Object, int)'> (0x0000000714498bf8) 
thrown [src/hotspot/share/interpreter/linkResolver.cpp, line 803]
Event: 1.934 Thread 0x00007de7ac02a3f0 Exception <a 'java/lang/NoSuchMethodError'{0x00000007144b0218}: 'java.lang.Object java.lang.invoke.DirectMethodHandle$Holder.invokeStatic(java.lang.Object, java.lang.Object, java.lang.Object, java.lang.Object, int)'> (0x00000007144b0218) 
thrown [src/hotspot/share/interpreter/linkResolver.cpp, line 803]
Event: 1.944 Thread 0x00007de7ac02a3f0 Exception <a 'java/lang/NoSuchMethodError'{0x0000000714512810}: 'java.lang.Object java.lang.invoke.DirectMethodHandle$Holder.invokeStaticInit(java.lang.Object, java.lang.Object, java.lang.Object, java.lang.Object)'> (0x0000000714512810) 
thrown [src/hotspot/share/interpreter/linkResolver.cpp, line 803]
Event: 1.952 Thread 0x00007de7ac02a3f0 Exception <a 'java/lang/UnsatisfiedLinkError'{0x000000071453a148}: 'java.lang.String io.netty.handler.codec.quic.Quiche.quiche_version()'> (0x000000071453a148) 
thrown [src/hotspot/share/prims/nativeLookup.cpp, line 415]
Event: 1.955 Thread 0x00007de7ac02a3f0 Exception <a 'java/lang/NoSuchMethodError'{0x000000071454b410}: 'void java.lang.invoke.DirectMethodHandle$Holder.invokeStatic(java.lang.Object, java.lang.Object, int)'> (0x000000071454b410) 
thrown [src/hotspot/share/interpreter/linkResolver.cpp, line 803]
Event: 1.956 Thread 0x00007de7ac02a3f0 Exception <a 'java/lang/NoSuchMethodError'{0x000000071455b410}: 'void java.lang.invoke.DelegatingMethodHandle$Holder.reinvoke_L(java.lang.Object, java.lang.Object, int)'> (0x000000071455b410) 
thrown [src/hotspot/share/interpreter/linkResolver.cpp, line 803]
Event: 2.094 Thread 0x00007de7ac02a3f0 Exception <a 'java/lang/NoSuchMethodError'{0x00000007170d14c8}: 'void java.lang.invoke.DirectMethodHandle$Holder.invokeVirtual(java.lang.Object, java.lang.Object)'> (0x00000007170d14c8) 
thrown [src/hotspot/share/interpreter/linkResolver.cpp, line 803]
Event: 2.125 Thread 0x00007de7ac02a3f0 Exception <a 'java/lang/NoSuchMethodError'{0x0000000716e171e0}: 'int java.lang.invoke.DirectMethodHandle$Holder.invokeStaticInit(java.lang.Object, java.lang.Object)'> (0x0000000716e171e0) 
thrown [src/hotspot/share/interpreter/linkResolver.cpp, line 803]
Event: 2.126 Thread 0x00007de7ac02a3f0 Exception <a 'java/lang/NoSuchMethodError'{0x0000000716e265c8}: 'int java.lang.invoke.DirectMethodHandle$Holder.invokeSpecialIFC(java.lang.Object, java.lang.Object, java.lang.Object)'> (0x0000000716e265c8) 
thrown [src/hotspot/share/interpreter/linkResolver.cpp, line 803]
Event: 2.408 Thread 0x00007de7ac02a3f0 Exception <a 'java/net/UnknownHostException'{0x000000071627dea8}> (0x000000071627dea8) 
thrown [src/hotspot/share/prims/jni.cpp, line 516]
Event: 2.498 Thread 0x00007de7ac02a3f0 Exception <a 'java/lang/NullPointerException'{0x0000000715fa6198}> (0x0000000715fa6198) 
thrown [src/hotspot/share/interpreter/linkResolver.cpp, line 1416]
Event: 2.778 Thread 0x00007de7ac8dd960 Exception <a 'java/lang/NoSuchMethodError'{0x0000000717338e70}: 'java.lang.Object java.lang.invoke.Invokers$Holder.invoke_MT(java.lang.Object, java.lang.Object, java.lang.Object, java.lang.Object, java.lang.Object, java.lang.Object)'> (0x0000000717338e70) 
thrown [src/hotspot/share/interpreter/linkResolver.cpp, line 803]
Event: 3.297 Thread 0x00007de7ac02a3f0 Exception <a 'java/lang/NoSuchMethodError'{0x00000007155feb80}: 'void java.lang.invoke.DirectMethodHandle$Holder.invokeStaticInit(java.lang.Object, java.lang.Object, int)'> (0x00000007155feb80) 
thrown [src/hotspot/share/interpreter/linkResolver.cpp, line 803]
Event: 3.668 Thread 0x00007de7ac02a3f0 Exception <a 'java/lang/NoSuchMethodError'{0x0000000709f3a1e8}: 'void java.lang.invoke.DirectMethodHandle$Holder.invokeStaticInit(java.lang.Object)'> (0x0000000709f3a1e8) 
thrown [src/hotspot/share/interpreter/linkResolver.cpp, line 803]
Event: 4.067 Thread 0x00007de7acdc3180 Exception <a 'java/lang/UnsatisfiedLinkError'{0x000000070a202380}: 'int io.netty.channel.epoll.Native.offsetofEpollData()'> (0x000000070a202380) 
thrown [src/hotspot/share/prims/nativeLookup.cpp, line 415]

VM Operations (20 events):
Event: 2.638 Executing safepoint VM operation: CollectForMetadataAllocation (Metadata GC Threshold)
Event: 2.639 Executing safepoint VM operation: CollectForMetadataAllocation (Metadata GC Threshold) done
Event: 2.642 Executing safepoint VM operation: CollectForMetadataAllocation (Metadata GC Threshold)
Event: 2.644 Executing safepoint VM operation: CollectForMetadataAllocation (Metadata GC Threshold) done
Event: 2.644 Executing safepoint VM operation: G1PauseRemark
Event: 2.651 Executing safepoint VM operation: G1PauseRemark done
Event: 2.656 Executing safepoint VM operation: G1PauseCleanup
Event: 2.656 Executing safepoint VM operation: G1PauseCleanup done
Event: 2.834 Executing non-safepoint VM operation: HandshakeAllThreads (Deoptimize)
Event: 2.834 Executing non-safepoint VM operation: HandshakeAllThreads (Deoptimize) done
Event: 2.968 Executing safepoint VM operation: G1CollectForAllocation (G1 Evacuation Pause)
Event: 2.985 Executing safepoint VM operation: G1CollectForAllocation (G1 Evacuation Pause) done
Event: 3.229 Executing safepoint VM operation: G1CollectForAllocation (G1 Evacuation Pause)
Event: 3.241 Executing safepoint VM operation: G1CollectForAllocation (G1 Evacuation Pause) done
Event: 3.486 Executing safepoint VM operation: G1CollectForAllocation (G1 Evacuation Pause)
Event: 3.491 Executing safepoint VM operation: G1CollectForAllocation (G1 Evacuation Pause) done
Event: 3.690 Executing safepoint VM operation: G1CollectForAllocation (G1 Evacuation Pause)
Event: 3.708 Executing safepoint VM operation: G1CollectForAllocation (G1 Evacuation Pause) done
Event: 4.048 Executing non-safepoint VM operation: HandshakeAllThreads (Deoptimize)
Event: 4.049 Executing non-safepoint VM operation: HandshakeAllThreads (Deoptimize) done

Memory protections (20 events):
Event: 0.122 Protecting memory [0x00007de791af2000,0x00007de791af6000] with protection modes 0
Event: 0.442 Protecting memory [0x00007de791af2000,0x00007de791af6000] with protection modes 0
Event: 0.979 Protecting memory [0x00007de7919f2000,0x00007de7919f6000] with protection modes 0
Event: 0.995 Protecting memory [0x00007de7918f2000,0x00007de7918f6000] with protection modes 0
Event: 1.040 Protecting memory [0x00007de7917f2000,0x00007de7917f6000] with protection modes 0
Event: 1.047 Protecting memory [0x00007de7916f2000,0x00007de7916f6000] with protection modes 0
Event: 1.081 Protecting memory [0x00007de7916f2000,0x00007de7916f6000] with protection modes 0
Event: 1.117 Protecting memory [0x00007de7b0018000,0x00007de7b001c000] with protection modes 0
Event: 1.265 Protecting memory [0x00007de7917f2000,0x00007de7917f6000] with protection modes 0
Event: 1.290 Protecting memory [0x00007de7916f2000,0x00007de7916f6000] with protection modes 0
Event: 1.421 Protecting memory [0x00007de791300000,0x00007de791304000] with protection modes 0
Event: 2.063 Protecting memory [0x00007de7902f9000,0x00007de7902fd000] with protection modes 0
Event: 2.068 Protecting memory [0x00007de7901f9000,0x00007de7901fd000] with protection modes 0
Event: 2.352 Protecting memory [0x00007de7900f9000,0x00007de7900fd000] with protection modes 0
Event: 2.376 Protecting memory [0x00007de707f00000,0x00007de707f04000] with protection modes 0
Event: 2.495 Protecting memory [0x00007de707e00000,0x00007de707e04000] with protection modes 0
Event: 2.988 Protecting memory [0x00007de707bff000,0x00007de707c03000] with protection modes 0
Event: 3.669 Protecting memory [0x00007de707bff000,0x00007de707c03000] with protection modes 0
Event: 4.061 Protecting memory [0x00007de707aff000,0x00007de707b03000] with protection modes 0
Event: 4.069 Protecting memory [0x00007de7079ff000,0x00007de707a03000] with protection modes 0

Nmethod flushes (0 events):
No events

Events (20 events):
Event: 1.034 Thread 0x00007de7ac12da60 Thread added: 0x00007de75c3393d0
Event: 1.047 Thread 0x00007de7ac02a3f0 Thread added: 0x00007de7ac386eb0
Event: 1.056 Thread 0x00007de7ac386eb0 Thread exited: 0x00007de7ac386eb0
Event: 1.081 Thread 0x00007de7ac02a3f0 Thread added: 0x00007de7ac3cebb0
Event: 1.083 Thread 0x00007de7ac3cebb0 Thread exited: 0x00007de7ac3cebb0
Event: 1.117 Thread 0x00007de7ac02a3f0 Thread added: 0x00007de7ac3f5170
Event: 1.208 Thread 0x00007de75c3393d0 Thread exited: 0x00007de75c3393d0
Event: 1.260 Thread 0x00007de7ac12f450 Thread added: 0x00007de7504d7780
Event: 1.290 Thread 0x00007de7504d7780 Thread added: 0x00007de7380030c0
Event: 1.421 Thread 0x00007de7ac02a3f0 Thread added: 0x00007de7ac4214e0
Event: 2.063 Thread 0x00007de7ac02a3f0 Thread added: 0x00007de7ac723110
Event: 2.065 Thread 0x00007de7ac02a3f0 Thread added: 0x00007de7ac724060
Event: 2.352 Thread 0x00007de7ac02a3f0 Thread added: 0x00007de7ac87f680
Event: 2.375 Thread 0x00007de7ac02a3f0 Thread added: 0x00007de7ac89c830
Event: 2.495 Thread 0x00007de7ac02a3f0 Thread added: 0x00007de7ac8dd960
Event: 2.987 Thread 0x00007de7ac8dd960 Thread added: 0x00007de6f8022120
Event: 2.988 Thread 0x00007de6f8022120 Thread exited: 0x00007de6f8022120
Event: 3.669 Thread 0x00007de7ac02a3f0 Thread added: 0x00007de7acd12370
Event: 4.061 Thread 0x00007de7ac02a3f0 Thread added: 0x00007de7acdc3180
Event: 4.069 Thread 0x00007de7ac02a3f0 Thread added: 0x00007de7acdc5aa0


Dynamic libraries:
78000000-78001000 ---p 00000000 00:00 0 
78001000-784a8000 rw-p 00001000 00:2b 951100                             /opt/java/openjdk/lib/server/classes.jsa
784a8000-78c8c000 rw-p 004a8000 00:2b 951100                             /opt/java/openjdk/lib/server/classes.jsa
78c8c000-79000000 ---p 00000000 00:00 0 
79000000-79030000 rw-p 00000000 00:00 0 
79030000-79150000 rw-p 00000000 00:00 0 
79150000-791b0000 rw-p 00000000 00:00 0 
791b0000-79230000 rw-p 00000000 00:00 0 
79230000-792b0000 rw-p 00000000 00:00 0 
792b0000-792f0000 rw-p 00000000 00:00 0 
792f0000-793b0000 rw-p 00000000 00:00 0 
793b0000-793d0000 rw-p 00000000 00:00 0 
793d0000-79400000 ---p 00000000 00:00 0 
79400000-79620000 rw-p 00000000 00:00 0 
79620000-b9000000 ---p 00000000 00:00 0 
707a00000-70ae00000 rw-p 00000000 00:00 0 
70ae00000-714e00000 ---p 00000000 00:00 0 
714e00000-715600000 rw-p 00000000 00:00 0 
715600000-717200000 ---p 00000000 00:00 0 
717200000-717400000 rw-p 00000000 00:00 0 
717400000-7ffe00000 ---p 00000000 00:00 0 
7ffe00000-7fff0f000 rw-p 00cbb000 00:2b 951100                           /opt/java/openjdk/lib/server/classes.jsa
7fff0f000-800000000 rw-p 00000000 00:00 0 
5ec81483e000-5ec81483f000 r--p 00000000 00:2b 950786                     /opt/java/openjdk/bin/java
5ec81483f000-5ec814840000 r-xp 00001000 00:2b 950786                     /opt/java/openjdk/bin/java
5ec814840000-5ec814841000 r--p 00002000 00:2b 950786                     /opt/java/openjdk/bin/java
5ec814841000-5ec814842000 r--p 00002000 00:2b 950786                     /opt/java/openjdk/bin/java
5ec814842000-5ec814843000 rw-p 00003000 00:2b 950786                     /opt/java/openjdk/bin/java
5ec837cb5000-5ec837cfe000 rw-p 00000000 00:00 0                          [heap]
7de6e8000000-7de6e8021000 rw-p 00000000 00:00 0 
7de6e8021000-7de6ec000000 ---p 00000000 00:00 0 
7de6f0000000-7de6f0021000 rw-p 00000000 00:00 0 
7de6f0021000-7de6f4000000 ---p 00000000 00:00 0 
7de6f4000000-7de6f4022000 rw-p 00000000 00:00 0 
7de6f4022000-7de6f8000000 ---p 00000000 00:00 0 
7de6f8000000-7de6f8073000 rw-p 00000000 00:00 0 
7de6f8073000-7de6fc000000 ---p 00000000 00:00 0 
7de6fc000000-7de6fc021000 rw-p 00000000 00:00 0 
7de6fc021000-7de700000000 ---p 00000000 00:00 0 
7de700000000-7de700021000 rw-p 00000000 00:00 0 
7de700021000-7de704000000 ---p 00000000 00:00 0 
7de7079ff000-7de707a03000 ---p 00000000 00:00 0 
7de707a03000-7de707aff000 rw-p 00000000 00:00 0 
7de707aff000-7de707b03000 ---p 00000000 00:00 0 
7de707b03000-7de707bff000 rw-p 00000000 00:00 0 
7de707bff000-7de707c03000 ---p 00000000 00:00 0 
7de707c03000-7de707cff000 rw-p 00000000 00:00 0 
7de707cff000-7de707d00000 ---p 00000000 00:00 0 
7de707d00000-7de707e00000 rw-p 00000000 00:00 0 
7de707e00000-7de707e04000 ---p 00000000 00:00 0 
7de707e04000-7de707f00000 rw-p 00000000 00:00 0 
7de707f00000-7de707f04000 ---p 00000000 00:00 0 
7de707f04000-7de708000000 rw-p 00000000 00:00 0 
7de708000000-7de708021000 rw-p 00000000 00:00 0 
7de708021000-7de70c000000 ---p 00000000 00:00 0 
7de70c000000-7de70c021000 rw-p 00000000 00:00 0 
7de70c021000-7de710000000 ---p 00000000 00:00 0 
7de710000000-7de710021000 rw-p 00000000 00:00 0 
7de710021000-7de714000000 ---p 00000000 00:00 0 
7de714000000-7de714021000 rw-p 00000000 00:00 0 
7de714021000-7de718000000 ---p 00000000 00:00 0 
7de718000000-7de718021000 rw-p 00000000 00:00 0 
7de718021000-7de71c000000 ---p 00000000 00:00 0 
7de71c000000-7de71c021000 rw-p 00000000 00:00 0 
7de71c021000-7de720000000 ---p 00000000 00:00 0 
7de720000000-7de720021000 rw-p 00000000 00:00 0 
7de720021000-7de724000000 ---p 00000000 00:00 0 
7de724000000-7de724021000 rw-p 00000000 00:00 0 
7de724021000-7de728000000 ---p 00000000 00:00 0 
7de728000000-7de728021000 rw-p 00000000 00:00 0 
7de728021000-7de72c000000 ---p 00000000 00:00 0 
7de72c000000-7de72c021000 rw-p 00000000 00:00 0 
7de72c021000-7de730000000 ---p 00000000 00:00 0 
7de730000000-7de730fe0000 rw-p 00000000 00:00 0 
7de730fe0000-7de734000000 ---p 00000000 00:00 0 
7de734000000-7de734021000 rw-p 00000000 00:00 0 
7de734021000-7de738000000 ---p 00000000 00:00 0 
7de738000000-7de73928a000 rw-p 00000000 00:00 0 
7de73928a000-7de73c000000 ---p 00000000 00:00 0 
7de73c000000-7de73c021000 rw-p 00000000 00:00 0 
7de73c021000-7de740000000 ---p 00000000 00:00 0 
7de740000000-7de740021000 rw-p 00000000 00:00 0 
7de740021000-7de744000000 ---p 00000000 00:00 0 
7de744000000-7de744021000 rw-p 00000000 00:00 0 
7de744021000-7de748000000 ---p 00000000 00:00 0 
7de748000000-7de748021000 rw-p 00000000 00:00 0 
7de748021000-7de74c000000 ---p 00000000 00:00 0 
7de74c000000-7de74c0bc000 rw-p 00000000 00:00 0 
7de74c0bc000-7de750000000 ---p 00000000 00:00 0 
7de750000000-7de750e27000 rw-p 00000000 00:00 0 
7de750e27000-7de754000000 ---p 00000000 00:00 0 
7de754000000-7de754021000 rw-p 00000000 00:00 0 
7de754021000-7de758000000 ---p 00000000 00:00 0 
7de758000000-7de758021000 rw-p 00000000 00:00 0 
7de758021000-7de75c000000 ---p 00000000 00:00 0 
7de75c000000-7de75d57d000 rw-p 00000000 00:00 0 
7de75d57d000-7de760000000 ---p 00000000 00:00 0 
7de760000000-7de760021000 rw-p 00000000 00:00 0 
7de760021000-7de764000000 ---p 00000000 00:00 0 
7de764000000-7de764021000 rw-p 00000000 00:00 0 
7de764021000-7de768000000 ---p 00000000 00:00 0 
7de768000000-7de7683f0000 rw-p 00000000 00:00 0 
7de7683f0000-7de768af0000 rw-p 00000000 00:00 0 
7de768af0000-7de768cf0000 rw-p 00000000 00:00 0 
7de768cf0000-7de768d30000 rw-p 00000000 00:00 0 
7de768d30000-7de768d70000 rw-p 00000000 00:00 0 
7de768d70000-7de768ef0000 rw-p 00000000 00:00 0 
7de768ef0000-7de768ff0000 rw-p 00000000 00:00 0 
7de768ff0000-7de769170000 rw-p 00000000 00:00 0 
7de769170000-7de7691f0000 rw-p 00000000 00:00 0 
7de7691f0000-7de7692f0000 rw-p 00000000 00:00 0 
7de7692f0000-7de7693f0000 rw-p 00000000 00:00 0 
7de7693f0000-7de7694f0000 rw-p 00000000 00:00 0 
7de7694f0000-7de769550000 rw-p 00000000 00:00 0 
7de769550000-7de769600000 ---p 00000000 00:00 0 
7de769600000-7de769d00000 rw-p 00000000 00:00 0 
7de769d00000-7de76c000000 ---p 00000000 00:00 0 
7de76c000000-7de76c021000 rw-p 00000000 00:00 0 
7de76c021000-7de770000000 ---p 00000000 00:00 0 
7de770000000-7de770021000 rw-p 00000000 00:00 0 
7de770021000-7de774000000 ---p 00000000 00:00 0 
7de774000000-7de774021000 rw-p 00000000 00:00 0 
7de774021000-7de778000000 ---p 00000000 00:00 0 
7de778000000-7de778021000 rw-p 00000000 00:00 0 
7de778021000-7de77c000000 ---p 00000000 00:00 0 
7de77c000000-7de77c021000 rw-p 00000000 00:00 0 
7de77c021000-7de780000000 ---p 00000000 00:00 0 
7de780000000-7de780021000 rw-p 00000000 00:00 0 
7de780021000-7de784000000 ---p 00000000 00:00 0 
7de784000000-7de784021000 rw-p 00000000 00:00 0 
7de784021000-7de788000000 ---p 00000000 00:00 0 
7de788000000-7de788021000 rw-p 00000000 00:00 0 
7de788021000-7de78c000000 ---p 00000000 00:00 0 
7de78c000000-7de78c021000 rw-p 00000000 00:00 0 
7de78c021000-7de790000000 ---p 00000000 00:00 0 
7de7900f9000-7de7900fd000 ---p 00000000 00:00 0 
7de7900fd000-7de7901f9000 rw-p 00000000 00:00 0 
7de7901f9000-7de7901fd000 ---p 00000000 00:00 0 
7de7901fd000-7de7902f9000 rw-p 00000000 00:00 0 
7de7902f9000-7de7902fd000 ---p 00000000 00:00 0 
7de7902fd000-7de7903f9000 rw-p 00000000 00:00 0 
7de7903f9000-7de7903fa000 ---p 00000000 00:00 0 
7de7903fa000-7de7904fa000 rw-p 00000000 00:00 0 
7de7904fa000-7de7904fb000 ---p 00000000 00:00 0 
7de7904fb000-7de7905fb000 rw-p 00000000 00:00 0 
7de7905fb000-7de7905fc000 ---p 00000000 00:00 0 
7de7905fc000-7de7906fc000 rw-p 00000000 00:00 0 
7de7906fc000-7de7906fd000 ---p 00000000 00:00 0 
7de7906fd000-7de7907fd000 rw-p 00000000 00:00 0 
7de7907fd000-7de7907fe000 ---p 00000000 00:00 0 
7de7907fe000-7de7908fe000 rw-p 00000000 00:00 0 
7de7908fe000-7de7908ff000 ---p 00000000 00:00 0 
7de7908ff000-7de7909ff000 rw-p 00000000 00:00 0 
7de7909ff000-7de790a00000 ---p 00000000 00:00 0 
7de790a00000-7de790b00000 rw-p 00000000 00:00 0 
7de790b00000-7de790b3c000 r--p 00000000 00:2b 303467                     /tmp/libnetty_quiche42_linux_x86_643857521839882469324.so (deleted)
7de790b3c000-7de790e9f000 r-xp 0003c000 00:2b 303467                     /tmp/libnetty_quiche42_linux_x86_643857521839882469324.so (deleted)
7de790e9f000-7de790fd8000 r--p 0039f000 00:2b 303467                     /tmp/libnetty_quiche42_linux_x86_643857521839882469324.so (deleted)
7de790fd8000-7de790ffd000 r--p 004d7000 00:2b 303467                     /tmp/libnetty_quiche42_linux_x86_643857521839882469324.so (deleted)
7de790ffd000-7de790fff000 rw-p 004fc000 00:2b 303467                     /tmp/libnetty_quiche42_linux_x86_643857521839882469324.so (deleted)
7de790fff000-7de791000000 rw-p 00000000 00:00 0 
7de791000000-7de791003000 r-xp 00000000 00:2b 303466                     /tmp/jansi-2.4.2-d0243f8aacf056be-libjansi.so
7de791003000-7de791202000 ---p 00003000 00:2b 303466                     /tmp/jansi-2.4.2-d0243f8aacf056be-libjansi.so
7de791202000-7de791203000 r--p 00002000 00:2b 303466                     /tmp/jansi-2.4.2-d0243f8aacf056be-libjansi.so
7de791203000-7de791204000 rw-p 00003000 00:2b 303466                     /tmp/jansi-2.4.2-d0243f8aacf056be-libjansi.so
7de791300000-7de791304000 ---p 00000000 00:00 0 
7de791304000-7de791400000 rw-p 00000000 00:00 0 
7de791400000-7de791402000 r-xp 00000000 00:2b 303461                     /tmp/jlinenative-3.30.6-4155da93146e7fc1-libjlinenative.so
7de791402000-7de791601000 ---p 00002000 00:2b 303461                     /tmp/jlinenative-3.30.6-4155da93146e7fc1-libjlinenative.so
7de791601000-7de791602000 r--p 00001000 00:2b 303461                     /tmp/jlinenative-3.30.6-4155da93146e7fc1-libjlinenative.so
7de791602000-7de791603000 rw-p 00002000 00:2b 303461                     /tmp/jlinenative-3.30.6-4155da93146e7fc1-libjlinenative.so
7de7916db000-7de7916e0000 r--p 00000000 00:2b 303300                     /tmp/libnetty_transport_native_epoll_x86_6411254655567560753960.so (deleted)
7de7916e0000-7de7916ea000 r-xp 00005000 00:2b 303300                     /tmp/libnetty_transport_native_epoll_x86_6411254655567560753960.so (deleted)
7de7916ea000-7de7916ee000 r--p 0000f000 00:2b 303300                     /tmp/libnetty_transport_native_epoll_x86_6411254655567560753960.so (deleted)
7de7916ee000-7de7916ef000 ---p 00013000 00:2b 303300                     /tmp/libnetty_transport_native_epoll_x86_6411254655567560753960.so (deleted)
7de7916ef000-7de7916f1000 r--p 00013000 00:2b 303300                     /tmp/libnetty_transport_native_epoll_x86_6411254655567560753960.so (deleted)
7de7916f1000-7de7916f2000 rw-p 00000000 00:00 0 
7de7916f2000-7de7916f6000 ---p 00000000 00:00 0 
7de7916f6000-7de7917f2000 rw-p 00000000 00:00 0 
7de7917f2000-7de7917f6000 ---p 00000000 00:00 0 
7de7917f6000-7de7918f2000 rw-p 00000000 00:00 0 
7de7918f2000-7de7918f6000 ---p 00000000 00:00 0 
7de7918f6000-7de7919f2000 rw-p 00000000 00:00 0 
7de7919f2000-7de7919f6000 ---p 00000000 00:00 0 
7de7919f6000-7de791af2000 rw-p 00000000 00:00 0 
7de791af2000-7de791af6000 ---p 00000000 00:00 0 
7de791af6000-7de791bf2000 rw-p 00000000 00:00 0 
7de791bf2000-7de791bf6000 ---p 00000000 00:00 0 
7de791bf6000-7de791cf2000 rw-p 00000000 00:00 0 
7de791cf2000-7de791cf6000 ---p 00000000 00:00 0 
7de791cf6000-7de791df2000 rw-p 00000000 00:00 0 
7de791df2000-7de791df6000 ---p 00000000 00:00 0 
7de791df6000-7de791ef2000 rw-p 00000000 00:00 0 
7de791ef2000-7de791ef6000 ---p 00000000 00:00 0 
7de791ef6000-7de791ff2000 rw-p 00000000 00:00 0 
7de791ff2000-7de791ff6000 ---p 00000000 00:00 0 
7de791ff6000-7de7920f2000 rw-p 00000000 00:00 0 
7de7920f2000-7de7920f6000 ---p 00000000 00:00 0 
7de7920f6000-7de7921f2000 rw-p 00000000 00:00 0 
7de7921f2000-7de7921f6000 ---p 00000000 00:00 0 
7de7921f6000-7de7922f2000 rw-p 00000000 00:00 0 
7de7922f2000-7de7922f6000 ---p 00000000 00:00 0 
7de7922f6000-7de7923f2000 rw-p 00000000 00:00 0 
7de7923f2000-7de7926dd000 r--p 00000000 00:2b 949198                     /usr/lib/locale/locale-archive
7de7926dd000-7de7926de000 ---p 00000000 00:00 0 
7de7926de000-7de7927de000 rw-p 00000000 00:00 0 
7de7927de000-7de7927df000 ---p 00000000 00:00 0 
7de7927df000-7de7927e3000 ---p 00000000 00:00 0 
7de7927e3000-7de7928df000 rw-p 00000000 00:00 0 
7de7928df000-7de7928e0000 ---p 00000000 00:00 0 
7de7928e0000-7de7929e0000 rw-p 00000000 00:00 0 
7de7929e0000-7de7929e1000 ---p 00000000 00:00 0 
7de7929e1000-7de792ae1000 rw-p 00000000 00:00 0 
7de792ae1000-7de792ae2000 ---p 00000000 00:00 0 
7de792ae2000-7de792be2000 rw-p 00000000 00:00 0 
7de792be2000-7de7932b8000 rw-p 00000000 00:00 0 
7de7932b8000-7de793538000 ---p 00000000 00:00 0 
7de793538000-7de793558000 rw-p 00000000 00:00 0 
7de793558000-7de7935c8000 ---p 00000000 00:00 0 
7de7935c8000-7de7935d0000 rw-p 00000000 00:00 0 
7de7935d0000-7de796ff8000 ---p 00000000 00:00 0 
7de796ff8000-7de797000000 rw-p 00000000 00:00 0 
7de797000000-7de797460000 rwxp 00000000 00:00 0 
7de797460000-7de79e537000 ---p 00000000 00:00 0 
7de79e537000-7de79e7a7000 rwxp 00000000 00:00 0 
7de79e7a7000-7de79eac8000 ---p 00000000 00:00 0 
7de79eac8000-7de79ed38000 rwxp 00000000 00:00 0 
7de79ed38000-7de7a6000000 ---p 00000000 00:00 0 
7de7a6005000-7de7a600c000 r--s 00000000 00:2b 946229                     /usr/lib/x86_64-linux-gnu/gconv/gconv-modules.cache
7de7a600c000-7de7a600d000 r--p 00000000 00:2b 951060                     /opt/java/openjdk/lib/libextnet.so
7de7a600d000-7de7a600e000 r-xp 00001000 00:2b 951060                     /opt/java/openjdk/lib/libextnet.so
7de7a600e000-7de7a600f000 r--p 00002000 00:2b 951060                     /opt/java/openjdk/lib/libextnet.so
7de7a600f000-7de7a6010000 r--p 00002000 00:2b 951060                     /opt/java/openjdk/lib/libextnet.so
7de7a6010000-7de7a6011000 rw-p 00003000 00:2b 951060                     /opt/java/openjdk/lib/libextnet.so
7de7a6011000-7de7a6015000 r--p 00000000 00:2b 946283                     /usr/lib/x86_64-linux-gnu/libgcc_s.so.1
7de7a6015000-7de7a6039000 r-xp 00004000 00:2b 946283                     /usr/lib/x86_64-linux-gnu/libgcc_s.so.1
7de7a6039000-7de7a603d000 r--p 00028000 00:2b 946283                     /usr/lib/x86_64-linux-gnu/libgcc_s.so.1
7de7a603d000-7de7a603e000 r--p 0002b000 00:2b 946283                     /usr/lib/x86_64-linux-gnu/libgcc_s.so.1
7de7a603e000-7de7a603f000 rw-p 0002c000 00:2b 946283                     /usr/lib/x86_64-linux-gnu/libgcc_s.so.1
7de7a603f000-7de7a6140000 rw-p 00000000 00:00 0 
7de7a6140000-7de7ac000000 r--s 00000000 00:2b 951092                     /opt/java/openjdk/lib/modules
7de7ac000000-7de7acddd000 rw-p 00000000 00:00 0 
7de7acddd000-7de7b0000000 ---p 00000000 00:00 0 
7de7b0004000-7de7b0005000 r--p 00000000 00:2b 951089                     /opt/java/openjdk/lib/libsyslookup.so
7de7b0005000-7de7b0006000 r-xp 00001000 00:2b 951089                     /opt/java/openjdk/lib/libsyslookup.so
7de7b0006000-7de7b0007000 r--p 00002000 00:2b 951089                     /opt/java/openjdk/lib/libsyslookup.so
7de7b0007000-7de7b0008000 r--p 00002000 00:2b 951089                     /opt/java/openjdk/lib/libsyslookup.so
7de7b0008000-7de7b0009000 rw-p 00003000 00:2b 951089                     /opt/java/openjdk/lib/libsyslookup.so
7de7b0009000-7de7b000b000 r--p 00000000 00:2b 951080                     /opt/java/openjdk/lib/libmanagement_ext.so
7de7b000b000-7de7b000e000 r-xp 00002000 00:2b 951080                     /opt/java/openjdk/lib/libmanagement_ext.so
7de7b000e000-7de7b000f000 r--p 00005000 00:2b 951080                     /opt/java/openjdk/lib/libmanagement_ext.so
7de7b000f000-7de7b0010000 r--p 00006000 00:2b 951080                     /opt/java/openjdk/lib/libmanagement_ext.so
7de7b0010000-7de7b0011000 rw-p 00007000 00:2b 951080                     /opt/java/openjdk/lib/libmanagement_ext.so
7de7b0011000-7de7b0014000 r--p 00000000 00:2b 951078                     /opt/java/openjdk/lib/libmanagement.so
7de7b0014000-7de7b0015000 r-xp 00003000 00:2b 951078                     /opt/java/openjdk/lib/libmanagement.so
7de7b0015000-7de7b0016000 r--p 00004000 00:2b 951078                     /opt/java/openjdk/lib/libmanagement.so
7de7b0016000-7de7b0017000 r--p 00004000 00:2b 951078                     /opt/java/openjdk/lib/libmanagement.so
7de7b0017000-7de7b0018000 rw-p 00005000 00:2b 951078                     /opt/java/openjdk/lib/libmanagement.so
7de7b0018000-7de7b001c000 ---p 00000000 00:00 0 
7de7b001c000-7de7b003a000 rw-p 00000000 00:00 0 
7de7b003a000-7de7b003c000 r--p 00000000 00:2b 951091                     /opt/java/openjdk/lib/libzip.so
7de7b003c000-7de7b004e000 r-xp 00002000 00:2b 951091                     /opt/java/openjdk/lib/libzip.so
7de7b004e000-7de7b0056000 r--p 00014000 00:2b 951091                     /opt/java/openjdk/lib/libzip.so
7de7b0056000-7de7b0057000 r--p 0001b000 00:2b 951091                     /opt/java/openjdk/lib/libzip.so
7de7b0057000-7de7b0058000 rw-p 0001c000 00:2b 951091                     /opt/java/openjdk/lib/libzip.so
7de7b0058000-7de7b005b000 r--p 00000000 00:2b 951082                     /opt/java/openjdk/lib/libnet.so
7de7b005b000-7de7b0063000 r-xp 00003000 00:2b 951082                     /opt/java/openjdk/lib/libnet.so
7de7b0063000-7de7b0065000 r--p 0000b000 00:2b 951082                     /opt/java/openjdk/lib/libnet.so
7de7b0065000-7de7b0066000 r--p 0000c000 00:2b 951082                     /opt/java/openjdk/lib/libnet.so
7de7b0066000-7de7b0067000 rw-p 0000d000 00:2b 951082                     /opt/java/openjdk/lib/libnet.so
7de7b0067000-7de7b006f000 r--p 00000000 00:2b 951083                     /opt/java/openjdk/lib/libnio.so
7de7b006f000-7de7b0078000 r-xp 00008000 00:2b 951083                     /opt/java/openjdk/lib/libnio.so
7de7b0078000-7de7b007c000 r--p 00011000 00:2b 951083                     /opt/java/openjdk/lib/libnio.so
7de7b007c000-7de7b007d000 r--p 00015000 00:2b 951083                     /opt/java/openjdk/lib/libnio.so
7de7b007d000-7de7b007e000 rw-p 00016000 00:2b 951083                     /opt/java/openjdk/lib/libnio.so
7de7b007e000-7de7b2200000 rw-p 00000000 00:00 0 
7de7b2200000-7de7b2201000 r--p 00000000 00:2b 946365                     /usr/lib/x86_64-linux-gnu/libutil.so.1
7de7b2201000-7de7b2202000 r-xp 00001000 00:2b 946365                     /usr/lib/x86_64-linux-gnu/libutil.so.1
7de7b2202000-7de7b2203000 r--p 00002000 00:2b 946365                     /usr/lib/x86_64-linux-gnu/libutil.so.1
7de7b2203000-7de7b2204000 r--p 00002000 00:2b 946365                     /usr/lib/x86_64-linux-gnu/libutil.so.1
7de7b2204000-7de7b2205000 rw-p 00003000 00:2b 946365                     /usr/lib/x86_64-linux-gnu/libutil.so.1
7de7b2207000-7de7b2208000 r--p 00000000 00:2b 951087                     /opt/java/openjdk/lib/libsimdsort.so
7de7b2208000-7de7b2241000 r-xp 00001000 00:2b 951087                     /opt/java/openjdk/lib/libsimdsort.so
7de7b2241000-7de7b2247000 r--p 0003a000 00:2b 951087                     /opt/java/openjdk/lib/libsimdsort.so
7de7b2247000-7de7b2248000 r--p 0003f000 00:2b 951087                     /opt/java/openjdk/lib/libsimdsort.so
7de7b2248000-7de7b2249000 rw-p 00040000 00:2b 951087                     /opt/java/openjdk/lib/libsimdsort.so
7de7b2249000-7de7b22e5000 rw-p 00000000 00:00 0 
7de7b22e5000-7de7b22e6000 ---p 00000000 00:00 0 
7de7b22e6000-7de7b23e6000 rw-p 00000000 00:00 0 
7de7b23e6000-7de7b23e7000 ---p 00000000 00:00 0 
7de7b23e7000-7de7b24e7000 rw-p 00000000 00:00 0 
7de7b24e7000-7de7b24e8000 ---p 00000000 00:00 0 
7de7b24e8000-7de7b25e8000 rw-p 00000000 00:00 0 
7de7b25e8000-7de7b2683000 rw-p 00000000 00:00 0 
7de7b2683000-7de7b26d3000 ---p 00000000 00:00 0 
7de7b26d3000-7de7b26d7000 rw-p 00000000 00:00 0 
7de7b26d7000-7de7b26e5000 ---p 00000000 00:00 0 
7de7b26e5000-7de7b26e6000 rw-p 00000000 00:00 0 
7de7b26e6000-7de7b2e2b000 ---p 00000000 00:00 0 
7de7b2e2b000-7de7b2e46000 rw-p 00000000 00:00 0 
7de7b2e46000-7de7b2e96000 ---p 00000000 00:00 0 
7de7b2e96000-7de7b2e9a000 rw-p 00000000 00:00 0 
7de7b2e9a000-7de7b2ea8000 ---p 00000000 00:00 0 
7de7b2ea8000-7de7b2ea9000 rw-p 00000000 00:00 0 
7de7b2ea9000-7de7b35ee000 ---p 00000000 00:00 0 
7de7b35ee000-7de7b3dfc000 rw-p 00000000 00:00 0 
7de7b3dfc000-7de7b3ee2000 ---p 00000000 00:00 0 
7de7b3ee2000-7de7b3ee7000 rw-p 00000000 00:00 0 
7de7b3ee7000-7de7b3eee000 ---p 00000000 00:00 0 
7de7b3eee000-7de7b3ef7000 rw-p 00000000 00:00 0 
7de7b3ef7000-7de7b3fd9000 ---p 00000000 00:00 0 
7de7b3fd9000-7de7b3fe7000 r--p 00000000 00:2b 951068                     /opt/java/openjdk/lib/libjava.so
7de7b3fe7000-7de7b3ff5000 r-xp 0000e000 00:2b 951068                     /opt/java/openjdk/lib/libjava.so
7de7b3ff5000-7de7b3ffa000 r--p 0001c000 00:2b 951068                     /opt/java/openjdk/lib/libjava.so
7de7b3ffa000-7de7b3ffb000 r--p 00021000 00:2b 951068                     /opt/java/openjdk/lib/libjava.so
7de7b3ffb000-7de7b3ffc000 rw-p 00022000 00:2b 951068                     /opt/java/openjdk/lib/libjava.so
7de7b3ffc000-7de7b3ffd000 rw-p 00000000 00:00 0 
7de7b3ffd000-7de7b4005000 rw-s 00000000 00:2b 269707                     /tmp/hsperfdata_root/9
7de7b4005000-7de7b4006000 ---p 00000000 00:00 0 
7de7b4006000-7de7b4007000 r--p 00000000 00:00 0 
7de7b4007000-7de7b400b000 r--p 00000000 00:2b 951072                     /opt/java/openjdk/lib/libjimage.so
7de7b400b000-7de7b4023000 r-xp 00004000 00:2b 951072                     /opt/java/openjdk/lib/libjimage.so
7de7b4023000-7de7b4029000 r--p 0001c000 00:2b 951072                     /opt/java/openjdk/lib/libjimage.so
7de7b4029000-7de7b402b000 r--p 00021000 00:2b 951072                     /opt/java/openjdk/lib/libjimage.so
7de7b402b000-7de7b402c000 rw-p 00023000 00:2b 951072                     /opt/java/openjdk/lib/libjimage.so
7de7b402c000-7de7b4030000 ---p 00000000 00:00 0 
7de7b4030000-7de7b412c000 rw-p 00000000 00:00 0 
7de7b412c000-7de7b413c000 r--p 00000000 00:2b 946300                     /usr/lib/x86_64-linux-gnu/libm.so.6
7de7b413c000-7de7b41bb000 r-xp 00010000 00:2b 946300                     /usr/lib/x86_64-linux-gnu/libm.so.6
7de7b41bb000-7de7b4213000 r--p 0008f000 00:2b 946300                     /usr/lib/x86_64-linux-gnu/libm.so.6
7de7b4213000-7de7b4214000 r--p 000e7000 00:2b 946300                     /usr/lib/x86_64-linux-gnu/libm.so.6
7de7b4214000-7de7b4215000 rw-p 000e8000 00:2b 946300                     /usr/lib/x86_64-linux-gnu/libm.so.6
7de7b4215000-7de7b4216000 r--p 00000000 00:2b 946339                     /usr/lib/x86_64-linux-gnu/librt.so.1
7de7b4216000-7de7b4217000 r-xp 00001000 00:2b 946339                     /usr/lib/x86_64-linux-gnu/librt.so.1
7de7b4217000-7de7b4218000 r--p 00002000 00:2b 946339                     /usr/lib/x86_64-linux-gnu/librt.so.1
7de7b4218000-7de7b4219000 r--p 00002000 00:2b 946339                     /usr/lib/x86_64-linux-gnu/librt.so.1
7de7b4219000-7de7b421a000 rw-p 00003000 00:2b 946339                     /usr/lib/x86_64-linux-gnu/librt.so.1
7de7b421a000-7de7b44fc000 r--p 00000000 00:2b 951105                     /opt/java/openjdk/lib/server/libjvm.so
7de7b44fc000-7de7b54fc000 r-xp 002e2000 00:2b 951105                     /opt/java/openjdk/lib/server/libjvm.so
7de7b54fc000-7de7b580c000 r--p 012e2000 00:2b 951105                     /opt/java/openjdk/lib/server/libjvm.so
7de7b580c000-7de7b58f7000 r--p 015f2000 00:2b 951105                     /opt/java/openjdk/lib/server/libjvm.so
7de7b58f7000-7de7b5922000 rw-p 016dd000 00:2b 951105                     /opt/java/openjdk/lib/server/libjvm.so
7de7b5922000-7de7b59a0000 rw-p 00000000 00:00 0 
7de7b59a0000-7de7b59a1000 r--p 00000000 00:2b 946337                     /usr/lib/x86_64-linux-gnu/libpthread.so.0
7de7b59a1000-7de7b59a2000 r-xp 00001000 00:2b 946337                     /usr/lib/x86_64-linux-gnu/libpthread.so.0
7de7b59a2000-7de7b59a3000 r--p 00002000 00:2b 946337                     /usr/lib/x86_64-linux-gnu/libpthread.so.0
7de7b59a3000-7de7b59a4000 r--p 00002000 00:2b 946337                     /usr/lib/x86_64-linux-gnu/libpthread.so.0
7de7b59a4000-7de7b59a5000 rw-p 00003000 00:2b 946337                     /usr/lib/x86_64-linux-gnu/libpthread.so.0
7de7b59a5000-7de7b59a6000 r--p 00000000 00:2b 946272                     /usr/lib/x86_64-linux-gnu/libdl.so.2
7de7b59a6000-7de7b59a7000 r-xp 00001000 00:2b 946272                     /usr/lib/x86_64-linux-gnu/libdl.so.2
7de7b59a7000-7de7b59a8000 r--p 00002000 00:2b 946272                     /usr/lib/x86_64-linux-gnu/libdl.so.2
7de7b59a8000-7de7b59a9000 r--p 00002000 00:2b 946272                     /usr/lib/x86_64-linux-gnu/libdl.so.2
7de7b59a9000-7de7b59aa000 rw-p 00003000 00:2b 946272                     /usr/lib/x86_64-linux-gnu/libdl.so.2
7de7b59aa000-7de7b59d2000 r--p 00000000 00:2b 946258                     /usr/lib/x86_64-linux-gnu/libc.so.6
7de7b59d2000-7de7b5b5a000 r-xp 00028000 00:2b 946258                     /usr/lib/x86_64-linux-gnu/libc.so.6
7de7b5b5a000-7de7b5ba9000 r--p 001b0000 00:2b 946258                     /usr/lib/x86_64-linux-gnu/libc.so.6
7de7b5ba9000-7de7b5bad000 r--p 001fe000 00:2b 946258                     /usr/lib/x86_64-linux-gnu/libc.so.6
7de7b5bad000-7de7b5baf000 rw-p 00202000 00:2b 946258                     /usr/lib/x86_64-linux-gnu/libc.so.6
7de7b5baf000-7de7b5bbc000 rw-p 00000000 00:00 0 
7de7b5bbd000-7de7b5bbe000 ---p 00000000 00:00 0 
7de7b5bbe000-7de7b5bc1000 r--p 00000000 00:2b 951073                     /opt/java/openjdk/lib/libjli.so
7de7b5bc1000-7de7b5bd2000 r-xp 00003000 00:2b 951073                     /opt/java/openjdk/lib/libjli.so
7de7b5bd2000-7de7b5bd9000 r--p 00014000 00:2b 951073                     /opt/java/openjdk/lib/libjli.so
7de7b5bd9000-7de7b5bda000 r--p 0001a000 00:2b 951073                     /opt/java/openjdk/lib/libjli.so
7de7b5bda000-7de7b5bdb000 rw-p 0001b000 00:2b 951073                     /opt/java/openjdk/lib/libjli.so
7de7b5bdb000-7de7b5bdd000 rw-p 00000000 00:00 0 
7de7b5bdd000-7de7b5bde000 r--p 00000000 00:2b 946238                     /usr/lib/x86_64-linux-gnu/ld-linux-x86-64.so.2
7de7b5bde000-7de7b5c09000 r-xp 00001000 00:2b 946238                     /usr/lib/x86_64-linux-gnu/ld-linux-x86-64.so.2
7de7b5c09000-7de7b5c13000 r--p 0002c000 00:2b 946238                     /usr/lib/x86_64-linux-gnu/ld-linux-x86-64.so.2
7de7b5c13000-7de7b5c15000 r--p 00036000 00:2b 946238                     /usr/lib/x86_64-linux-gnu/ld-linux-x86-64.so.2
7de7b5c15000-7de7b5c17000 rw-p 00038000 00:2b 946238                     /usr/lib/x86_64-linux-gnu/ld-linux-x86-64.so.2
7ffeacb82000-7ffeacba3000 rw-p 00000000 00:00 0                          [stack]
7ffeacbe5000-7ffeacbe9000 r--p 00000000 00:00 0                          [vvar]
7ffeacbe9000-7ffeacbeb000 r-xp 00000000 00:00 0                          [vdso]
ffffffffff600000-ffffffffff601000 --xp 00000000 00:00 0                  [vsyscall]
Total number of mappings: 375

JVMTI agents: none


VM Arguments:
java_command: HytaleServer.jar --assets ../Assets.zip --backup --backup-dir backups --backup-frequency 30
java_class_path (initial): HytaleServer.jar
Launcher Type: SUN_STANDARD

[Global flags]
     intx CICompilerCount                          = 4                                         {product} {ergonomic}
     uint ConcGCThreads                            = 2                                         {product} {ergonomic}
     uint G1ConcRefinementThreads                  = 8                                         {product} {ergonomic}
   size_t G1HeapRegionSize                         = 2097152                                   {product} {ergonomic}
   size_t InitialHeapSize                          = 262144000                                 {product} {ergonomic}
   size_t MarkStackSize                            = 4194304                                   {product} {ergonomic}
   size_t MarkStackSizeMax                         = 536870912                                 {product} {ergonomic}
   size_t MaxHeapSize                              = 4167041024                                {product} {ergonomic}
   size_t MaxNewSize                               = 2499805184                                {product} {ergonomic}
   size_t MinHeapDeltaBytes                        = 2097152                                   {product} {ergonomic}
   size_t MinHeapSize                              = 8388608                                   {product} {ergonomic}
    uintx NonNMethodCodeHeapSize                   = 5836800                                {pd product} {ergonomic}
    uintx NonProfiledCodeHeapSize                  = 122912768                              {pd product} {ergonomic}
    uintx ProfiledCodeHeapSize                     = 122908672                              {pd product} {ergonomic}
    uintx ReservedCodeCacheSize                    = 251658240                              {pd product} {ergonomic}
     bool SegmentedCodeCache                       = true                                      {product} {ergonomic}
   size_t SoftMaxHeapSize                          = 4167041024                             {manageable} {ergonomic}
     bool UseCompressedOops                        = true                           {product lp64_product} {ergonomic}
     bool UseG1GC                                  = true                                      {product} {ergonomic}

Logging:
Log output configuration:
 #0: stdout all=warning uptime,level,tags foldmultilines=false
 #1: stderr all=off uptime,level,tags foldmultilines=false

Release file:
IMPLEMENTOR="Eclipse Adoptium"
IMPLEMENTOR_VERSION="Temurin-25.0.2+10"
JAVA_RUNTIME_VERSION="25.0.2+10-LTS"
JAVA_VERSION="25.0.2"
JAVA_VERSION_DATE="2026-01-20"
LIBC="gnu"
MODULES="java.base java.compiler java.datatransfer java.xml java.prefs java.desktop java.instrument java.logging java.management java.security.sasl java.naming java.rmi java.management.rmi java.net.http java.scripting java.security.jgss java.transaction.xa java.sql java.sql.rowset java.xml.crypto java.se java.smartcardio jdk.accessibility jdk.internal.jvmstat jdk.attach jdk.charsets jdk.internal.opt jdk.zipfs jdk.compiler jdk.crypto.cryptoki jdk.crypto.ec jdk.dynalink jdk.internal.ed jdk.editpad jdk.internal.vm.ci jdk.graal.compiler jdk.graal.compiler.management jdk.hotspot.agent jdk.httpserver jdk.incubator.vector jdk.internal.le jdk.internal.md jdk.jartool jdk.javadoc jdk.jcmd jdk.management jdk.management.agent jdk.jconsole jdk.jdeps jdk.jdwp.agent jdk.jdi jdk.jfr jdk.jlink jdk.jpackage jdk.jshell jdk.jsobject jdk.jstatd jdk.localedata jdk.management.jfr jdk.naming.dns jdk.naming.rmi jdk.net jdk.nio.mapmode jdk.sctp jdk.security.auth jdk.security.jgss jdk.unsupported jdk.unsupported.desktop jdk.xml.dom"
OS_ARCH="x86_64"
OS_NAME="Linux"
SOURCE=".:git:9e3c947043a4"
BUILD_SOURCE="git:458965074606f027bd5afce2cfd5c1055dea0438"
BUILD_SOURCE_REPO="https://github.com/adoptium/temurin-build.git"
SOURCE_REPO="https://github.com/adoptium/jdk25u.git"
FULL_VERSION="25.0.2+10-LTS"
SEMANTIC_VERSION="25.0.2+10"
BUILD_INFO="OS: Linux Version: 6.8.0-1044-azure"
JVM_VARIANT="Hotspot"
JVM_VERSION="25.0.2+10-LTS"
IMAGE_TYPE="JRE"

Environment Variables:
JAVA_HOME=/opt/java/openjdk
PATH=/opt/java/openjdk/bin:/usr/local/sbin:/usr/local/bin:/usr/sbin:/usr/bin:/sbin:/bin
LANG=en_US.UTF-8
LC_ALL=en_US.UTF-8
TERM=xterm

Active Locale:
LC_ALL=en_US.UTF-8
LC_COLLATE=en_US.UTF-8
LC_CTYPE=en_US.UTF-8
LC_MESSAGES=en_US.UTF-8
LC_MONETARY=en_US.UTF-8
LC_NUMERIC=en_US.UTF-8
LC_TIME=en_US.UTF-8

Signal Handlers:
   SIGSEGV: crash_handler in libjvm.so, mask=11100100010111111101111111111110, flags=SA_RESTART|SA_SIGINFO, unblocked
    SIGBUS: crash_handler in libjvm.so, mask=11100100010111111101111111111110, flags=SA_RESTART|SA_SIGINFO, unblocked
    SIGFPE: crash_handler in libjvm.so, mask=11100100010111111101111111111110, flags=SA_RESTART|SA_SIGINFO, unblocked
   SIGPIPE: javaSignalHandler in libjvm.so, mask=11100100010111111101111111111110, flags=SA_RESTART|SA_SIGINFO, blocked
   SIGXFSZ: javaSignalHandler in libjvm.so, mask=11100100010111111101111111111110, flags=SA_RESTART|SA_SIGINFO, blocked
    SIGILL: crash_handler in libjvm.so, mask=11100100010111111101111111111110, flags=SA_RESTART|SA_SIGINFO, unblocked
   SIGUSR2: SR_handler in libjvm.so, mask=00000000000000000000000000000000, flags=SA_RESTART|SA_SIGINFO, blocked
    SIGHUP: UserHandler in libjvm.so, mask=11100100010111111101111111111110, flags=SA_RESTART|SA_SIGINFO, blocked
    SIGINT: SIG_DFL, mask=11100100010111111101111111111110, flags=SA_RESTART, blocked
   SIGTERM: UserHandler in libjvm.so, mask=11100100010111111101111111111110, flags=SA_RESTART|SA_SIGINFO, blocked
   SIGQUIT: UserHandler in libjvm.so, mask=11100100010111111101111111111110, flags=SA_RESTART|SA_SIGINFO, blocked
   SIGTRAP: crash_handler in libjvm.so, mask=11100100010111111101111111111110, flags=SA_RESTART|SA_SIGINFO, unblocked


Compilation memory statistics disabled.

Periodic native trim disabled

---------------  S Y S T E M  ---------------

OS:
DISTRIB_ID=Ubuntu
DISTRIB_RELEASE=24.04
DISTRIB_CODENAME=noble
DISTRIB_DESCRIPTION="Ubuntu 24.04.4 LTS"
uname: Linux 6.8.0-101-generic #101-Ubuntu SMP PREEMPT_DYNAMIC Mon Feb  9 10:15:05 UTC 2026 x86_64
OS uptime: 1 days 2:02 hours
libc: glibc 2.39 NPTL 2.39 
rlimit (soft/hard): STACK 8192k/infinity , CORE infinity/infinity , NPROC infinity/infinity , NOFILE 524288/524288 , AS infinity/infinity , CPU infinity/infinity , DATA infinity/infinity , FSIZE infinity/infinity , MEMLOCK 8192k/8192k
load average: 1.66 1.07 0.91

/proc/meminfo:
MemTotal:       16271532 kB
MemFree:         2485300 kB
MemAvailable:   14242400 kB
Buffers:          709828 kB
Cached:         10897164 kB
SwapCached:           28 kB
Active:          7493716 kB
Inactive:        5158580 kB
Active(anon):    1128912 kB
Inactive(anon):      456 kB
Active(file):    6364804 kB
Inactive(file):  5158124 kB
Unevictable:       29476 kB
Mlocked:           27600 kB
SwapTotal:       4194300 kB
SwapFree:        4193532 kB
Zswap:                 0 kB
Zswapped:              0 kB
Dirty:               512 kB
Writeback:            12 kB
AnonPages:       1074832 kB
Mapped:          7416916 kB
Shmem:             75048 kB
KReclaimable:     571264 kB
Slab:             737984 kB
SReclaimable:     571264 kB
SUnreclaim:       166720 kB
KernelStack:       11296 kB
PageTables:        33164 kB
SecPageTables:         0 kB
NFS_Unstable:          0 kB
Bounce:                0 kB
WritebackTmp:          0 kB
CommitLimit:    12330064 kB
Committed_AS:    3972516 kB
VmallocTotal:   34359738367 kB
VmallocUsed:       33892 kB
VmallocChunk:          0 kB
Percpu:             8320 kB
HardwareCorrupted:     0 kB
AnonHugePages:         0 kB
ShmemHugePages:        0 kB
ShmemPmdMapped:        0 kB
FileHugePages:         0 kB
FilePmdMapped:         0 kB
Unaccepted:            0 kB
HugePages_Total:       0
HugePages_Free:        0
HugePages_Rsvd:        0
HugePages_Surp:        0
Hugepagesize:       2048 kB
Hugetlb:               0 kB
DirectMap4k:      344620 kB
DirectMap2M:     8988672 kB
DirectMap1G:     7340032 kB

/sys/kernel/mm/transparent_hugepage/enabled: always [madvise] never
/sys/kernel/mm/transparent_hugepage/hpage_pmd_size: 2097152
/sys/kernel/mm/transparent_hugepage/shmem_enabled: always within_size advise [never] deny force
/sys/kernel/mm/transparent_hugepage/defrag (defrag/compaction efforts parameter): always defer defer+madvise [madvise] never

Process Memory:
Virtual Size: 8378064K (peak: 8443572K)
Resident Set Size: 212376K (peak: 212376K) (anon: 183652K, file: 28724K, shmem: 0K)
Swapped out: 0K
C-Heap outstanding allocations: 61306K, retained: 48077K
glibc malloc tunables: (default)

/proc/sys/kernel/threads-max (system-wide limit on the number of threads): 126469
/proc/sys/vm/max_map_count (maximum number of memory map areas a process may have): 1048576
/proc/sys/vm/swappiness (control to define how aggressively the kernel swaps out anonymous memory): 60
/proc/sys/kernel/pid_max (system-wide limit on number of process identifiers): 4194304

container (cgroup) information:
container_type: cgroupv2
cpu_cpuset_cpus: 
cpu_memory_nodes: 
active_processor_count: 8
cpu_quota: no quota
cpu_period: 100000
cpu_shares: 421
memory_limit_in_bytes: 16271360 k
memory_and_swap_limit_in_bytes: 32542720 k
memory_soft_limit_in_bytes: 0
memory_usage_in_bytes: 198716 k
memory_max_usage_in_bytes: not supported
rss_usage_in_bytes: 183944 k
cache_usage_in_bytes: 11712 k
memory_swap_current_in_bytes: 0
memory_swap_max_limit_in_bytes: 16271360 k
maximum number of tasks: 18970
current number of tasks: 42

Steal ticks since vm start: 0
Steal ticks percentage since vm start:  0.000

CPU: total 8 (initial active 8) (4 cores per cpu, 2 threads per core) family 6 model 94 stepping 3 microcode 0xf0, cx8, cmov, fxsr, ht, mmx, 3dnowpref, sse, sse2, sse3, ssse3, sse4.1, sse4.2, popcnt, lzcnt, tsc, tscinvbit, avx, avx2, aes, erms, clmul, bmi1, bmi2, adx, fma, vzeroupper, clflush, clflushopt, rdtscp, f16c
CPU Model and flags from /proc/cpuinfo:
model name	: Intel(R) Core(TM) i7-6700 CPU @ 3.40GHz
flags		: fpu vme de pse tsc msr pae mce cx8 apic sep mtrr pge mca cmov pat pse36 clflush dts acpi mmx fxsr sse sse2 ss ht tm pbe syscall nx pdpe1gb rdtscp lm constant_tsc art arch_perfmon pebs bts rep_good nopl xtopology nonstop_tsc cpuid aperfmperf pni pclmulqdq dtes64 monitor ds_cpl vmx smx est tm2 ssse3 sdbg fma cx16 xtpr pdcm pcid sse4_1 sse4_2 x2apic movbe popcnt tsc_deadline_timer aes xsave avx f16c rdrand lahf_lm abm 3dnowprefetch cpuid_fault pti ssbd ibrs ibpb stibp tpr_shadow flexpriority ept vpid ept_ad fsgsbase tsc_adjust bmi1 avx2 smep bmi2 erms invpcid mpx rdseed adx smap clflushopt intel_pt xsaveopt xsavec xgetbv1 xsaves dtherm ida arat pln pts hwp hwp_notify hwp_act_window hwp_epp vnmi md_clear flush_l1d arch_capabilities ibpb_exit_to_user

Online cpus: 0-7
Offline cpus: 
BIOS frequency limitation: <Not Available>
Frequency switch latency (ns): 0
Available cpu frequencies: <Not Available>
Current governor: powersave
Core performance/turbo boost: <Not Available>

Memory: 4k page, physical 16271360k(16072644k free), swap 4194300k(4193532k free)
Page Sizes: 4k

vm_info: OpenJDK 64-Bit Server VM (25.0.2+10-LTS) for linux-amd64 JRE (25.0.2+10-LTS), built on 2026-01-20T00:00:00Z with gcc 14.2.0

END.
